Instruction Information
INST_INFO[0].value : 3c0f1000
INST_INFO[0].opcode : 15
INST_INFO[0].rs : 0
INST_INFO[0].rt : 15
INST_INFO[0].imm : 4096
INST_INFO[1].value : 35ef000c
INST_INFO[1].opcode : 13
INST_INFO[1].rs : 15
INST_INFO[1].rt : 15
INST_INFO[1].imm : 12
INST_INFO[2].value : 258cff9c
INST_INFO[2].opcode : 9
INST_INFO[2].rs : 12
INST_INFO[2].rt : 12
INST_INFO[2].imm : -100
INST_INFO[3].value : 25ceffff
INST_INFO[3].opcode : 9
INST_INFO[3].rs : 14
INST_INFO[3].rt : 14
INST_INFO[3].imm : -1
INST_INFO[4].value : 25adffff
INST_INFO[4].opcode : 9
INST_INFO[4].rs : 13
INST_INFO[4].rt : 13
INST_INFO[4].imm : -1
INST_INFO[5].value : 851021
INST_INFO[5].opcode : 0
INST_INFO[5].func_code : 33
INST_INFO[5].rs : 4
INST_INFO[5].rt : 5
INST_INFO[5].rd : 2
INST_INFO[5].shamt : 0
INST_INFO[6].value : c71021
INST_INFO[6].opcode : 0
INST_INFO[6].func_code : 33
INST_INFO[6].rs : 6
INST_INFO[6].rt : 7
INST_INFO[6].rd : 2
INST_INFO[6].shamt : 0
INST_INFO[7].value : 624823
INST_INFO[7].opcode : 0
INST_INFO[7].func_code : 35
INST_INFO[7].rs : 3
INST_INFO[7].rt : 2
INST_INFO[7].rd : 9
INST_INFO[7].shamt : 0
INST_INFO[8].value : 1605824
INST_INFO[8].opcode : 0
INST_INFO[8].func_code : 36
INST_INFO[8].rs : 11
INST_INFO[8].rt : 0
INST_INFO[8].rd : 11
INST_INFO[8].shamt : 0
INST_INFO[9].value : 254a0001
INST_INFO[9].opcode : 9
INST_INFO[9].rs : 10
INST_INFO[9].rt : 10
INST_INFO[9].imm : 1
INST_INFO[10].value : c03025
INST_INFO[10].opcode : 0
INST_INFO[10].func_code : 37
INST_INFO[10].rs : 6
INST_INFO[10].rt : 0
INST_INFO[10].rd : 6
INST_INFO[10].shamt : 0
INST_INFO[11].value : c10000d
INST_INFO[11].opcode : 3
INST_INFO[11].target : 1048589
INST_INFO[12].value : 21
INST_INFO[12].opcode : 0
INST_INFO[12].func_code : 33
INST_INFO[12].rs : 0
INST_INFO[12].rt : 0
INST_INFO[12].rd : 0
INST_INFO[12].shamt : 0
INST_INFO[13].value : 8de60004
INST_INFO[13].opcode : 35
INST_INFO[13].rs : 15
INST_INFO[13].rt : 6
INST_INFO[13].imm : 4
INST_INFO[14].value : 63880
INST_INFO[14].opcode : 0
INST_INFO[14].func_code : 0
INST_INFO[14].rs : 0
INST_INFO[14].rt : 6
INST_INFO[14].rd : 7
INST_INFO[14].shamt : 2
INST_INFO[15].value : ade70008
INST_INFO[15].opcode : 43
INST_INFO[15].rs : 15
INST_INFO[15].rt : 7
INST_INFO[15].imm : 8
INST_INFO[16].value : 42882
INST_INFO[16].opcode : 0
INST_INFO[16].func_code : 2
INST_INFO[16].rs : 0
INST_INFO[16].rt : 4
INST_INFO[16].rd : 5
INST_INFO[16].shamt : 2
INST_INFO[17].value : a02827
INST_INFO[17].opcode : 0
INST_INFO[17].func_code : 39
INST_INFO[17].rs : 5
INST_INFO[17].rt : 0
INST_INFO[17].rd : 5
INST_INFO[17].shamt : 0
INST_INFO[18].value : 2d49fffc
INST_INFO[18].opcode : 11
INST_INFO[18].rs : 10
INST_INFO[18].rt : 9
INST_INFO[18].imm : -4
INST_INFO[19].value : 11200001
INST_INFO[19].opcode : 4
INST_INFO[19].rs : 9
INST_INFO[19].rt : 0
INST_INFO[19].imm : 1
INST_INFO[20].value : 3e00008
INST_INFO[20].opcode : 0
INST_INFO[20].func_code : 8
INST_INFO[20].rs : 31
INST_INFO[20].rt : 0
INST_INFO[20].rd : 0
INST_INFO[20].shamt : 0
INST_INFO[21].value : 3c111000
INST_INFO[21].opcode : 15
INST_INFO[21].rs : 0
INST_INFO[21].rt : 17
INST_INFO[21].imm : 4096
INST_INFO[22].value : 8e320015
INST_INFO[22].opcode : 35
INST_INFO[22].rs : 17
INST_INFO[22].rt : 18
INST_INFO[22].imm : 21
INST_INFO[23].value : 43202b
INST_INFO[23].opcode : 0
INST_INFO[23].func_code : 43
INST_INFO[23].rs : 2
INST_INFO[23].rt : 3
INST_INFO[23].rd : 4
INST_INFO[23].shamt : 0
INST_INFO[24].value : 14800001
INST_INFO[24].opcode : 5
INST_INFO[24].rs : 4
INST_INFO[24].rt : 0
INST_INFO[24].imm : 1
INST_INFO[25].value : 8100008
INST_INFO[25].opcode : 2
INST_INFO[25].target : 1048584
INST_INFO[26].value : 3610f0f0
INST_INFO[26].opcode : 13
INST_INFO[26].rs : 16
INST_INFO[26].rt : 16
INST_INFO[26].imm : -3856
Memory Dump - Text Segment
text_seg[0] : 3c0f1000
text_seg[4] : 35ef000c
text_seg[8] : 258cff9c
text_seg[12] : 25ceffff
text_seg[16] : 25adffff
text_seg[20] : 851021
text_seg[24] : c71021
text_seg[28] : 624823
text_seg[32] : 1605824
text_seg[36] : 254a0001
text_seg[40] : c03025
text_seg[44] : c10000d
text_seg[48] : 21
text_seg[52] : 8de60004
text_seg[56] : 63880
text_seg[60] : ade70008
text_seg[64] : 42882
text_seg[68] : a02827
text_seg[72] : 2d49fffc
text_seg[76] : 11200001
text_seg[80] : 3e00008
text_seg[84] : 3c111000
text_seg[88] : 8e320015
text_seg[92] : 43202b
text_seg[96] : 14800001
text_seg[100] : 8100008
text_seg[104] : 3610f0f0
data_seg[0] : 3
data_seg[4] : 1000
data_seg[8] : f4c2a
data_seg[12] : 7ffffffe
data_seg[16] : 7fffffff
Current PC: 0
Simulating for 100 instructions...

Current pipeline PC state :
-------------------------------------
CYCLE 1:0x00400000|          |          |          |          

Current register values : 
-------------------------------------
PC: 0x00400004
Registers:
R0: 0x00000000
R1: 0x00000000
R2: 0x00000000
R3: 0x00000000
R4: 0x00000000
R5: 0x00000000
R6: 0x00000000
R7: 0x00000000
R8: 0x00000000
R9: 0x00000000
R10: 0x00000000
R11: 0x00000000
R12: 0x00000000
R13: 0x00000000
R14: 0x00000000
R15: 0x00000000
R16: 0x00000000
R17: 0x00000000
R18: 0x00000000
R19: 0x00000000
R20: 0x00000000
R21: 0x00000000
R22: 0x00000000
R23: 0x00000000
R24: 0x00000000
R25: 0x00000000
R26: 0x00000000
R27: 0x00000000
R28: 0x00000000
R29: 0x00000000
R30: 0x00000000
R31: 0x00000000

Current pipeline PC state :
-------------------------------------
CYCLE 2:0x00400004|0x00400000|          |          |          

Current register values : 
-------------------------------------
PC: 0x00400008
Registers:
R0: 0x00000000
R1: 0x00000000
R2: 0x00000000
R3: 0x00000000
R4: 0x00000000
R5: 0x00000000
R6: 0x00000000
R7: 0x00000000
R8: 0x00000000
R9: 0x00000000
R10: 0x00000000
R11: 0x00000000
R12: 0x00000000
R13: 0x00000000
R14: 0x00000000
R15: 0x00000000
R16: 0x00000000
R17: 0x00000000
R18: 0x00000000
R19: 0x00000000
R20: 0x00000000
R21: 0x00000000
R22: 0x00000000
R23: 0x00000000
R24: 0x00000000
R25: 0x00000000
R26: 0x00000000
R27: 0x00000000
R28: 0x00000000
R29: 0x00000000
R30: 0x00000000
R31: 0x00000000

Current pipeline PC state :
-------------------------------------
CYCLE 3:0x00400008|0x00400004|0x00400000|          |          

Current register values : 
-------------------------------------
PC: 0x0040000c
Registers:
R0: 0x00000000
R1: 0x00000000
R2: 0x00000000
R3: 0x00000000
R4: 0x00000000
R5: 0x00000000
R6: 0x00000000
R7: 0x00000000
R8: 0x00000000
R9: 0x00000000
R10: 0x00000000
R11: 0x00000000
R12: 0x00000000
R13: 0x00000000
R14: 0x00000000
R15: 0x00000000
R16: 0x00000000
R17: 0x00000000
R18: 0x00000000
R19: 0x00000000
R20: 0x00000000
R21: 0x00000000
R22: 0x00000000
R23: 0x00000000
R24: 0x00000000
R25: 0x00000000
R26: 0x00000000
R27: 0x00000000
R28: 0x00000000
R29: 0x00000000
R30: 0x00000000
R31: 0x00000000

Current pipeline PC state :
-------------------------------------
CYCLE 4:0x0040000c|0x00400008|0x00400004|0x00400000|          

Current register values : 
-------------------------------------
PC: 0x00400010
Registers:
R0: 0x00000000
R1: 0x00000000
R2: 0x00000000
R3: 0x00000000
R4: 0x00000000
R5: 0x00000000
R6: 0x00000000
R7: 0x00000000
R8: 0x00000000
R9: 0x00000000
R10: 0x00000000
R11: 0x00000000
R12: 0x00000000
R13: 0x00000000
R14: 0x00000000
R15: 0x00000000
R16: 0x00000000
R17: 0x00000000
R18: 0x00000000
R19: 0x00000000
R20: 0x00000000
R21: 0x00000000
R22: 0x00000000
R23: 0x00000000
R24: 0x00000000
R25: 0x00000000
R26: 0x00000000
R27: 0x00000000
R28: 0x00000000
R29: 0x00000000
R30: 0x00000000
R31: 0x00000000

Current pipeline PC state :
-------------------------------------
CYCLE 5:0x00400010|0x0040000c|0x00400008|0x00400004|0x00400000

Current register values : 
-------------------------------------
PC: 0x00400014
Registers:
R0: 0x00000000
R1: 0x00000000
R2: 0x00000000
R3: 0x00000000
R4: 0x00000000
R5: 0x00000000
R6: 0x00000000
R7: 0x00000000
R8: 0x00000000
R9: 0x00000000
R10: 0x00000000
R11: 0x00000000
R12: 0x00000000
R13: 0x00000000
R14: 0x00000000
R15: 0x10000000
R16: 0x00000000
R17: 0x00000000
R18: 0x00000000
R19: 0x00000000
R20: 0x00000000
R21: 0x00000000
R22: 0x00000000
R23: 0x00000000
R24: 0x00000000
R25: 0x00000000
R26: 0x00000000
R27: 0x00000000
R28: 0x00000000
R29: 0x00000000
R30: 0x00000000
R31: 0x00000000

Current pipeline PC state :
-------------------------------------
CYCLE 6:0x00400014|0x00400010|0x0040000c|0x00400008|0x00400004

Current register values : 
-------------------------------------
PC: 0x00400018
Registers:
R0: 0x00000000
R1: 0x00000000
R2: 0x00000000
R3: 0x00000000
R4: 0x00000000
R5: 0x00000000
R6: 0x00000000
R7: 0x00000000
R8: 0x00000000
R9: 0x00000000
R10: 0x00000000
R11: 0x00000000
R12: 0x00000000
R13: 0x00000000
R14: 0x00000000
R15: 0x1000000c
R16: 0x00000000
R17: 0x00000000
R18: 0x00000000
R19: 0x00000000
R20: 0x00000000
R21: 0x00000000
R22: 0x00000000
R23: 0x00000000
R24: 0x00000000
R25: 0x00000000
R26: 0x00000000
R27: 0x00000000
R28: 0x00000000
R29: 0x00000000
R30: 0x00000000
R31: 0x00000000

Current pipeline PC state :
-------------------------------------
CYCLE 7:0x00400018|0x00400014|0x00400010|0x0040000c|0x00400008

Current register values : 
-------------------------------------
PC: 0x0040001c
Registers:
R0: 0x00000000
R1: 0x00000000
R2: 0x00000000
R3: 0x00000000
R4: 0x00000000
R5: 0x00000000
R6: 0x00000000
R7: 0x00000000
R8: 0x00000000
R9: 0x00000000
R10: 0x00000000
R11: 0x00000000
R12: 0xffffff9c
R13: 0x00000000
R14: 0x00000000
R15: 0x1000000c
R16: 0x00000000
R17: 0x00000000
R18: 0x00000000
R19: 0x00000000
R20: 0x00000000
R21: 0x00000000
R22: 0x00000000
R23: 0x00000000
R24: 0x00000000
R25: 0x00000000
R26: 0x00000000
R27: 0x00000000
R28: 0x00000000
R29: 0x00000000
R30: 0x00000000
R31: 0x00000000

Current pipeline PC state :
-------------------------------------
CYCLE 8:0x0040001c|0x00400018|0x00400014|0x00400010|0x0040000c

Current register values : 
-------------------------------------
PC: 0x00400020
Registers:
R0: 0x00000000
R1: 0x00000000
R2: 0x00000000
R3: 0x00000000
R4: 0x00000000
R5: 0x00000000
R6: 0x00000000
R7: 0x00000000
R8: 0x00000000
R9: 0x00000000
R10: 0x00000000
R11: 0x00000000
R12: 0xffffff9c
R13: 0x00000000
R14: 0xffffffff
R15: 0x1000000c
R16: 0x00000000
R17: 0x00000000
R18: 0x00000000
R19: 0x00000000
R20: 0x00000000
R21: 0x00000000
R22: 0x00000000
R23: 0x00000000
R24: 0x00000000
R25: 0x00000000
R26: 0x00000000
R27: 0x00000000
R28: 0x00000000
R29: 0x00000000
R30: 0x00000000
R31: 0x00000000

Current pipeline PC state :
-------------------------------------
CYCLE 9:0x00400020|0x0040001c|0x00400018|0x00400014|0x00400010

Current register values : 
-------------------------------------
PC: 0x00400024
Registers:
R0: 0x00000000
R1: 0x00000000
R2: 0x00000000
R3: 0x00000000
R4: 0x00000000
R5: 0x00000000
R6: 0x00000000
R7: 0x00000000
R8: 0x00000000
R9: 0x00000000
R10: 0x00000000
R11: 0x00000000
R12: 0xffffff9c
R13: 0xffffffff
R14: 0xffffffff
R15: 0x1000000c
R16: 0x00000000
R17: 0x00000000
R18: 0x00000000
R19: 0x00000000
R20: 0x00000000
R21: 0x00000000
R22: 0x00000000
R23: 0x00000000
R24: 0x00000000
R25: 0x00000000
R26: 0x00000000
R27: 0x00000000
R28: 0x00000000
R29: 0x00000000
R30: 0x00000000
R31: 0x00000000

Current pipeline PC state :
-------------------------------------
CYCLE 10:0x00400024|0x00400020|0x0040001c|0x00400018|0x00400014

Current register values : 
-------------------------------------
PC: 0x00400028
Registers:
R0: 0x00000000
R1: 0x00000000
R2: 0x00000000
R3: 0x00000000
R4: 0x00000000
R5: 0x00000000
R6: 0x00000000
R7: 0x00000000
R8: 0x00000000
R9: 0x00000000
R10: 0x00000000
R11: 0x00000000
R12: 0xffffff9c
R13: 0xffffffff
R14: 0xffffffff
R15: 0x1000000c
R16: 0x00000000
R17: 0x00000000
R18: 0x00000000
R19: 0x00000000
R20: 0x00000000
R21: 0x00000000
R22: 0x00000000
R23: 0x00000000
R24: 0x00000000
R25: 0x00000000
R26: 0x00000000
R27: 0x00000000
R28: 0x00000000
R29: 0x00000000
R30: 0x00000000
R31: 0x00000000

Current pipeline PC state :
-------------------------------------
CYCLE 11:0x00400028|0x00400024|0x00400020|0x0040001c|0x00400018

Current register values : 
-------------------------------------
PC: 0x0040002c
Registers:
R0: 0x00000000
R1: 0x00000000
R2: 0x00000000
R3: 0x00000000
R4: 0x00000000
R5: 0x00000000
R6: 0x00000000
R7: 0x00000000
R8: 0x00000000
R9: 0x00000000
R10: 0x00000000
R11: 0x00000000
R12: 0xffffff9c
R13: 0xffffffff
R14: 0xffffffff
R15: 0x1000000c
R16: 0x00000000
R17: 0x00000000
R18: 0x00000000
R19: 0x00000000
R20: 0x00000000
R21: 0x00000000
R22: 0x00000000
R23: 0x00000000
R24: 0x00000000
R25: 0x00000000
R26: 0x00000000
R27: 0x00000000
R28: 0x00000000
R29: 0x00000000
R30: 0x00000000
R31: 0x00000000

Current pipeline PC state :
-------------------------------------
CYCLE 12:0x0040002c|0x00400028|0x00400024|0x00400020|0x0040001c

Current register values : 
-------------------------------------
PC: 0x00400030
Registers:
R0: 0x00000000
R1: 0x00000000
R2: 0x00000000
R3: 0x00000000
R4: 0x00000000
R5: 0x00000000
R6: 0x00000000
R7: 0x00000000
R8: 0x00000000
R9: 0x00000000
R10: 0x00000000
R11: 0x00000000
R12: 0xffffff9c
R13: 0xffffffff
R14: 0xffffffff
R15: 0x1000000c
R16: 0x00000000
R17: 0x00000000
R18: 0x00000000
R19: 0x00000000
R20: 0x00000000
R21: 0x00000000
R22: 0x00000000
R23: 0x00000000
R24: 0x00000000
R25: 0x00000000
R26: 0x00000000
R27: 0x00000000
R28: 0x00000000
R29: 0x00000000
R30: 0x00000000
R31: 0x00000000

Current pipeline PC state :
-------------------------------------
CYCLE 13:0x00400030|0x0040002c|0x00400028|0x00400024|0x00400020

Current register values : 
-------------------------------------
PC: 0x00400034
Registers:
R0: 0x00000000
R1: 0x00000000
R2: 0x00000000
R3: 0x00000000
R4: 0x00000000
R5: 0x00000000
R6: 0x00000000
R7: 0x00000000
R8: 0x00000000
R9: 0x00000000
R10: 0x00000000
R11: 0x00000000
R12: 0xffffff9c
R13: 0xffffffff
R14: 0xffffffff
R15: 0x1000000c
R16: 0x00000000
R17: 0x00000000
R18: 0x00000000
R19: 0x00000000
R20: 0x00000000
R21: 0x00000000
R22: 0x00000000
R23: 0x00000000
R24: 0x00000000
R25: 0x00000000
R26: 0x00000000
R27: 0x00000000
R28: 0x00000000
R29: 0x00000000
R30: 0x00000000
R31: 0x00000000

Current pipeline PC state :
-------------------------------------
CYCLE 14:0x00400034|          |0x0040002c|0x00400028|0x00400024

Current register values : 
-------------------------------------
PC: 0x00400038
Registers:
R0: 0x00000000
R1: 0x00000000
R2: 0x00000000
R3: 0x00000000
R4: 0x00000000
R5: 0x00000000
R6: 0x00000000
R7: 0x00000000
R8: 0x00000000
R9: 0x00000000
R10: 0x00000001
R11: 0x00000000
R12: 0xffffff9c
R13: 0xffffffff
R14: 0xffffffff
R15: 0x1000000c
R16: 0x00000000
R17: 0x00000000
R18: 0x00000000
R19: 0x00000000
R20: 0x00000000
R21: 0x00000000
R22: 0x00000000
R23: 0x00000000
R24: 0x00000000
R25: 0x00000000
R26: 0x00000000
R27: 0x00000000
R28: 0x00000000
R29: 0x00000000
R30: 0x00000000
R31: 0x00000000

Current pipeline PC state :
-------------------------------------
CYCLE 15:0x00400038|0x00400034|          |0x0040002c|0x00400028

Current register values : 
-------------------------------------
PC: 0x0040003c
Registers:
R0: 0x00000000
R1: 0x00000000
R2: 0x00000000
R3: 0x00000000
R4: 0x00000000
R5: 0x00000000
R6: 0x00000000
R7: 0x00000000
R8: 0x00000000
R9: 0x00000000
R10: 0x00000001
R11: 0x00000000
R12: 0xffffff9c
R13: 0xffffffff
R14: 0xffffffff
R15: 0x1000000c
R16: 0x00000000
R17: 0x00000000
R18: 0x00000000
R19: 0x00000000
R20: 0x00000000
R21: 0x00000000
R22: 0x00000000
R23: 0x00000000
R24: 0x00000000
R25: 0x00000000
R26: 0x00000000
R27: 0x00000000
R28: 0x00000000
R29: 0x00000000
R30: 0x00000000
R31: 0x00000000

Current pipeline PC state :
-------------------------------------
CYCLE 16:0x0040003c|0x00400038|0x00400034|          |0x0040002c

Current register values : 
-------------------------------------
PC: 0x0040003c
Registers:
R0: 0x00000000
R1: 0x00000000
R2: 0x00000000
R3: 0x00000000
R4: 0x00000000
R5: 0x00000000
R6: 0x00000000
R7: 0x00000000
R8: 0x00000000
R9: 0x00000000
R10: 0x00000001
R11: 0x00000000
R12: 0xffffff9c
R13: 0xffffffff
R14: 0xffffffff
R15: 0x1000000c
R16: 0x00000000
R17: 0x00000000
R18: 0x00000000
R19: 0x00000000
R20: 0x00000000
R21: 0x00000000
R22: 0x00000000
R23: 0x00000000
R24: 0x00000000
R25: 0x00000000
R26: 0x00000000
R27: 0x00000000
R28: 0x00000000
R29: 0x00000000
R30: 0x00000000
R31: 0x00400034

Current pipeline PC state :
-------------------------------------
CYCLE 17:0x0040003c|0x00400038|          |0x00400034|          

Current register values : 
-------------------------------------
PC: 0x00400040
Registers:
R0: 0x00000000
R1: 0x00000000
R2: 0x00000000
R3: 0x00000000
R4: 0x00000000
R5: 0x00000000
R6: 0x00000000
R7: 0x00000000
R8: 0x00000000
R9: 0x00000000
R10: 0x00000001
R11: 0x00000000
R12: 0xffffff9c
R13: 0xffffffff
R14: 0xffffffff
R15: 0x1000000c
R16: 0x00000000
R17: 0x00000000
R18: 0x00000000
R19: 0x00000000
R20: 0x00000000
R21: 0x00000000
R22: 0x00000000
R23: 0x00000000
R24: 0x00000000
R25: 0x00000000
R26: 0x00000000
R27: 0x00000000
R28: 0x00000000
R29: 0x00000000
R30: 0x00000000
R31: 0x00400034

Current pipeline PC state :
-------------------------------------
CYCLE 18:0x00400040|0x0040003c|0x00400038|          |0x00400034

Current register values : 
-------------------------------------
PC: 0x00400044
Registers:
R0: 0x00000000
R1: 0x00000000
R2: 0x00000000
R3: 0x00000000
R4: 0x00000000
R5: 0x00000000
R6: 0x7fffffff
R7: 0x00000000
R8: 0x00000000
R9: 0x00000000
R10: 0x00000001
R11: 0x00000000
R12: 0xffffff9c
R13: 0xffffffff
R14: 0xffffffff
R15: 0x1000000c
R16: 0x00000000
R17: 0x00000000
R18: 0x00000000
R19: 0x00000000
R20: 0x00000000
R21: 0x00000000
R22: 0x00000000
R23: 0x00000000
R24: 0x00000000
R25: 0x00000000
R26: 0x00000000
R27: 0x00000000
R28: 0x00000000
R29: 0x00000000
R30: 0x00000000
R31: 0x00400034

Current pipeline PC state :
-------------------------------------
CYCLE 19:0x00400044|0x00400040|0x0040003c|0x00400038|          

Current register values : 
-------------------------------------
PC: 0x00400048
Registers:
R0: 0x00000000
R1: 0x00000000
R2: 0x00000000
R3: 0x00000000
R4: 0x00000000
R5: 0x00000000
R6: 0x7fffffff
R7: 0x00000000
R8: 0x00000000
R9: 0x00000000
R10: 0x00000001
R11: 0x00000000
R12: 0xffffff9c
R13: 0xffffffff
R14: 0xffffffff
R15: 0x1000000c
R16: 0x00000000
R17: 0x00000000
R18: 0x00000000
R19: 0x00000000
R20: 0x00000000
R21: 0x00000000
R22: 0x00000000
R23: 0x00000000
R24: 0x00000000
R25: 0x00000000
R26: 0x00000000
R27: 0x00000000
R28: 0x00000000
R29: 0x00000000
R30: 0x00000000
R31: 0x00400034

Current pipeline PC state :
-------------------------------------
CYCLE 20:0x00400048|0x00400044|0x00400040|0x0040003c|0x00400038

Current register values : 
-------------------------------------
PC: 0x0040004c
Registers:
R0: 0x00000000
R1: 0x00000000
R2: 0x00000000
R3: 0x00000000
R4: 0x00000000
R5: 0x00000000
R6: 0x7fffffff
R7: 0xfffffffc
R8: 0x00000000
R9: 0x00000000
R10: 0x00000001
R11: 0x00000000
R12: 0xffffff9c
R13: 0xffffffff
R14: 0xffffffff
R15: 0x1000000c
R16: 0x00000000
R17: 0x00000000
R18: 0x00000000
R19: 0x00000000
R20: 0x00000000
R21: 0x00000000
R22: 0x00000000
R23: 0x00000000
R24: 0x00000000
R25: 0x00000000
R26: 0x00000000
R27: 0x00000000
R28: 0x00000000
R29: 0x00000000
R30: 0x00000000
R31: 0x00400034

Current pipeline PC state :
-------------------------------------
CYCLE 21:0x0040004c|0x00400048|0x00400044|0x00400040|0x0040003c

Current register values : 
-------------------------------------
PC: 0x00400050
Registers:
R0: 0x00000000
R1: 0x00000000
R2: 0x00000000
R3: 0x00000000
R4: 0x00000000
R5: 0x00000000
R6: 0x7fffffff
R7: 0xfffffffc
R8: 0x00000000
R9: 0x00000000
R10: 0x00000001
R11: 0x00000000
R12: 0xffffff9c
R13: 0xffffffff
R14: 0xffffffff
R15: 0x1000000c
R16: 0x00000000
R17: 0x00000000
R18: 0x00000000
R19: 0x00000000
R20: 0x00000000
R21: 0x00000000
R22: 0x00000000
R23: 0x00000000
R24: 0x00000000
R25: 0x00000000
R26: 0x00000000
R27: 0x00000000
R28: 0x00000000
R29: 0x00000000
R30: 0x00000000
R31: 0x00400034

Current pipeline PC state :
-------------------------------------
CYCLE 22:0x00400050|0x0040004c|0x00400048|0x00400044|0x00400040

Current register values : 
-------------------------------------
PC: 0x00400054
Registers:
R0: 0x00000000
R1: 0x00000000
R2: 0x00000000
R3: 0x00000000
R4: 0x00000000
R5: 0x00000000
R6: 0x7fffffff
R7: 0xfffffffc
R8: 0x00000000
R9: 0x00000000
R10: 0x00000001
R11: 0x00000000
R12: 0xffffff9c
R13: 0xffffffff
R14: 0xffffffff
R15: 0x1000000c
R16: 0x00000000
R17: 0x00000000
R18: 0x00000000
R19: 0x00000000
R20: 0x00000000
R21: 0x00000000
R22: 0x00000000
R23: 0x00000000
R24: 0x00000000
R25: 0x00000000
R26: 0x00000000
R27: 0x00000000
R28: 0x00000000
R29: 0x00000000
R30: 0x00000000
R31: 0x00400034

Current pipeline PC state :
-------------------------------------
CYCLE 23:0x00400054|0x00400050|0x0040004c|0x00400048|0x00400044

Current register values : 
-------------------------------------
PC: 0x00400034
Registers:
R0: 0x00000000
R1: 0x00000000
R2: 0x00000000
R3: 0x00000000
R4: 0x00000000
R5: 0xffffffff
R6: 0x7fffffff
R7: 0xfffffffc
R8: 0x00000000
R9: 0x00000000
R10: 0x00000001
R11: 0x00000000
R12: 0xffffff9c
R13: 0xffffffff
R14: 0xffffffff
R15: 0x1000000c
R16: 0x00000000
R17: 0x00000000
R18: 0x00000000
R19: 0x00000000
R20: 0x00000000
R21: 0x00000000
R22: 0x00000000
R23: 0x00000000
R24: 0x00000000
R25: 0x00000000
R26: 0x00000000
R27: 0x00000000
R28: 0x00000000
R29: 0x00000000
R30: 0x00000000
R31: 0x00400034

Current pipeline PC state :
-------------------------------------
CYCLE 24:0x00400034|          |0x00400050|0x0040004c|0x00400048

Current register values : 
-------------------------------------
PC: 0x00400038
Registers:
R0: 0x00000000
R1: 0x00000000
R2: 0x00000000
R3: 0x00000000
R4: 0x00000000
R5: 0xffffffff
R6: 0x7fffffff
R7: 0xfffffffc
R8: 0x00000000
R9: 0x00000001
R10: 0x00000001
R11: 0x00000000
R12: 0xffffff9c
R13: 0xffffffff
R14: 0xffffffff
R15: 0x1000000c
R16: 0x00000000
R17: 0x00000000
R18: 0x00000000
R19: 0x00000000
R20: 0x00000000
R21: 0x00000000
R22: 0x00000000
R23: 0x00000000
R24: 0x00000000
R25: 0x00000000
R26: 0x00000000
R27: 0x00000000
R28: 0x00000000
R29: 0x00000000
R30: 0x00000000
R31: 0x00400034

Current pipeline PC state :
-------------------------------------
CYCLE 25:0x00400038|0x00400034|          |0x00400050|0x0040004c

Current register values : 
-------------------------------------
PC: 0x0040003c
Registers:
R0: 0x00000000
R1: 0x00000000
R2: 0x00000000
R3: 0x00000000
R4: 0x00000000
R5: 0xffffffff
R6: 0x7fffffff
R7: 0xfffffffc
R8: 0x00000000
R9: 0x00000001
R10: 0x00000001
R11: 0x00000000
R12: 0xffffff9c
R13: 0xffffffff
R14: 0xffffffff
R15: 0x1000000c
R16: 0x00000000
R17: 0x00000000
R18: 0x00000000
R19: 0x00000000
R20: 0x00000000
R21: 0x00000000
R22: 0x00000000
R23: 0x00000000
R24: 0x00000000
R25: 0x00000000
R26: 0x00000000
R27: 0x00000000
R28: 0x00000000
R29: 0x00000000
R30: 0x00000000
R31: 0x00400034

Current pipeline PC state :
-------------------------------------
CYCLE 26:0x0040003c|0x00400038|0x00400034|          |0x00400050

Current register values : 
-------------------------------------
PC: 0x0040003c
Registers:
R0: 0x00000000
R1: 0x00000000
R2: 0x00000000
R3: 0x00000000
R4: 0x00000000
R5: 0xffffffff
R6: 0x7fffffff
R7: 0xfffffffc
R8: 0x00000000
R9: 0x00000001
R10: 0x00000001
R11: 0x00000000
R12: 0xffffff9c
R13: 0xffffffff
R14: 0xffffffff
R15: 0x1000000c
R16: 0x00000000
R17: 0x00000000
R18: 0x00000000
R19: 0x00000000
R20: 0x00000000
R21: 0x00000000
R22: 0x00000000
R23: 0x00000000
R24: 0x00000000
R25: 0x00000000
R26: 0x00000000
R27: 0x00000000
R28: 0x00000000
R29: 0x00000000
R30: 0x00000000
R31: 0x00400034

Current pipeline PC state :
-------------------------------------
CYCLE 27:0x0040003c|0x00400038|          |0x00400034|          

Current register values : 
-------------------------------------
PC: 0x00400040
Registers:
R0: 0x00000000
R1: 0x00000000
R2: 0x00000000
R3: 0x00000000
R4: 0x00000000
R5: 0xffffffff
R6: 0x7fffffff
R7: 0xfffffffc
R8: 0x00000000
R9: 0x00000001
R10: 0x00000001
R11: 0x00000000
R12: 0xffffff9c
R13: 0xffffffff
R14: 0xffffffff
R15: 0x1000000c
R16: 0x00000000
R17: 0x00000000
R18: 0x00000000
R19: 0x00000000
R20: 0x00000000
R21: 0x00000000
R22: 0x00000000
R23: 0x00000000
R24: 0x00000000
R25: 0x00000000
R26: 0x00000000
R27: 0x00000000
R28: 0x00000000
R29: 0x00000000
R30: 0x00000000
R31: 0x00400034

Current pipeline PC state :
-------------------------------------
CYCLE 28:0x00400040|0x0040003c|0x00400038|          |0x00400034

Current register values : 
-------------------------------------
PC: 0x00400044
Registers:
R0: 0x00000000
R1: 0x00000000
R2: 0x00000000
R3: 0x00000000
R4: 0x00000000
R5: 0xffffffff
R6: 0x7fffffff
R7: 0xfffffffc
R8: 0x00000000
R9: 0x00000001
R10: 0x00000001
R11: 0x00000000
R12: 0xffffff9c
R13: 0xffffffff
R14: 0xffffffff
R15: 0x1000000c
R16: 0x00000000
R17: 0x00000000
R18: 0x00000000
R19: 0x00000000
R20: 0x00000000
R21: 0x00000000
R22: 0x00000000
R23: 0x00000000
R24: 0x00000000
R25: 0x00000000
R26: 0x00000000
R27: 0x00000000
R28: 0x00000000
R29: 0x00000000
R30: 0x00000000
R31: 0x00400034

Current pipeline PC state :
-------------------------------------
CYCLE 29:0x00400044|0x00400040|0x0040003c|0x00400038|          

Current register values : 
-------------------------------------
PC: 0x00400048
Registers:
R0: 0x00000000
R1: 0x00000000
R2: 0x00000000
R3: 0x00000000
R4: 0x00000000
R5: 0xffffffff
R6: 0x7fffffff
R7: 0xfffffffc
R8: 0x00000000
R9: 0x00000001
R10: 0x00000001
R11: 0x00000000
R12: 0xffffff9c
R13: 0xffffffff
R14: 0xffffffff
R15: 0x1000000c
R16: 0x00000000
R17: 0x00000000
R18: 0x00000000
R19: 0x00000000
R20: 0x00000000
R21: 0x00000000
R22: 0x00000000
R23: 0x00000000
R24: 0x00000000
R25: 0x00000000
R26: 0x00000000
R27: 0x00000000
R28: 0x00000000
R29: 0x00000000
R30: 0x00000000
R31: 0x00400034

Current pipeline PC state :
-------------------------------------
CYCLE 30:0x00400048|0x00400044|0x00400040|0x0040003c|0x00400038

Current register values : 
-------------------------------------
PC: 0x0040004c
Registers:
R0: 0x00000000
R1: 0x00000000
R2: 0x00000000
R3: 0x00000000
R4: 0x00000000
R5: 0xffffffff
R6: 0x7fffffff
R7: 0xfffffffc
R8: 0x00000000
R9: 0x00000001
R10: 0x00000001
R11: 0x00000000
R12: 0xffffff9c
R13: 0xffffffff
R14: 0xffffffff
R15: 0x1000000c
R16: 0x00000000
R17: 0x00000000
R18: 0x00000000
R19: 0x00000000
R20: 0x00000000
R21: 0x00000000
R22: 0x00000000
R23: 0x00000000
R24: 0x00000000
R25: 0x00000000
R26: 0x00000000
R27: 0x00000000
R28: 0x00000000
R29: 0x00000000
R30: 0x00000000
R31: 0x00400034

Current pipeline PC state :
-------------------------------------
CYCLE 31:0x0040004c|0x00400048|0x00400044|0x00400040|0x0040003c

Current register values : 
-------------------------------------
PC: 0x00400050
Registers:
R0: 0x00000000
R1: 0x00000000
R2: 0x00000000
R3: 0x00000000
R4: 0x00000000
R5: 0xffffffff
R6: 0x7fffffff
R7: 0xfffffffc
R8: 0x00000000
R9: 0x00000001
R10: 0x00000001
R11: 0x00000000
R12: 0xffffff9c
R13: 0xffffffff
R14: 0xffffffff
R15: 0x1000000c
R16: 0x00000000
R17: 0x00000000
R18: 0x00000000
R19: 0x00000000
R20: 0x00000000
R21: 0x00000000
R22: 0x00000000
R23: 0x00000000
R24: 0x00000000
R25: 0x00000000
R26: 0x00000000
R27: 0x00000000
R28: 0x00000000
R29: 0x00000000
R30: 0x00000000
R31: 0x00400034

Current pipeline PC state :
-------------------------------------
CYCLE 32:0x00400050|0x0040004c|0x00400048|0x00400044|0x00400040

Current register values : 
-------------------------------------
PC: 0x00400054
Registers:
R0: 0x00000000
R1: 0x00000000
R2: 0x00000000
R3: 0x00000000
R4: 0x00000000
R5: 0x00000000
R6: 0x7fffffff
R7: 0xfffffffc
R8: 0x00000000
R9: 0x00000001
R10: 0x00000001
R11: 0x00000000
R12: 0xffffff9c
R13: 0xffffffff
R14: 0xffffffff
R15: 0x1000000c
R16: 0x00000000
R17: 0x00000000
R18: 0x00000000
R19: 0x00000000
R20: 0x00000000
R21: 0x00000000
R22: 0x00000000
R23: 0x00000000
R24: 0x00000000
R25: 0x00000000
R26: 0x00000000
R27: 0x00000000
R28: 0x00000000
R29: 0x00000000
R30: 0x00000000
R31: 0x00400034

Current pipeline PC state :
-------------------------------------
CYCLE 33:0x00400054|0x00400050|0x0040004c|0x00400048|0x00400044

Current register values : 
-------------------------------------
PC: 0x00400034
Registers:
R0: 0x00000000
R1: 0x00000000
R2: 0x00000000
R3: 0x00000000
R4: 0x00000000
R5: 0xffffffff
R6: 0x7fffffff
R7: 0xfffffffc
R8: 0x00000000
R9: 0x00000001
R10: 0x00000001
R11: 0x00000000
R12: 0xffffff9c
R13: 0xffffffff
R14: 0xffffffff
R15: 0x1000000c
R16: 0x00000000
R17: 0x00000000
R18: 0x00000000
R19: 0x00000000
R20: 0x00000000
R21: 0x00000000
R22: 0x00000000
R23: 0x00000000
R24: 0x00000000
R25: 0x00000000
R26: 0x00000000
R27: 0x00000000
R28: 0x00000000
R29: 0x00000000
R30: 0x00000000
R31: 0x00400034

Current pipeline PC state :
-------------------------------------
CYCLE 34:0x00400034|          |0x00400050|0x0040004c|0x00400048

Current register values : 
-------------------------------------
PC: 0x00400038
Registers:
R0: 0x00000000
R1: 0x00000000
R2: 0x00000000
R3: 0x00000000
R4: 0x00000000
R5: 0xffffffff
R6: 0x7fffffff
R7: 0xfffffffc
R8: 0x00000000
R9: 0x00000001
R10: 0x00000001
R11: 0x00000000
R12: 0xffffff9c
R13: 0xffffffff
R14: 0xffffffff
R15: 0x1000000c
R16: 0x00000000
R17: 0x00000000
R18: 0x00000000
R19: 0x00000000
R20: 0x00000000
R21: 0x00000000
R22: 0x00000000
R23: 0x00000000
R24: 0x00000000
R25: 0x00000000
R26: 0x00000000
R27: 0x00000000
R28: 0x00000000
R29: 0x00000000
R30: 0x00000000
R31: 0x00400034

Current pipeline PC state :
-------------------------------------
CYCLE 35:0x00400038|0x00400034|          |0x00400050|0x0040004c

Current register values : 
-------------------------------------
PC: 0x0040003c
Registers:
R0: 0x00000000
R1: 0x00000000
R2: 0x00000000
R3: 0x00000000
R4: 0x00000000
R5: 0xffffffff
R6: 0x7fffffff
R7: 0xfffffffc
R8: 0x00000000
R9: 0x00000001
R10: 0x00000001
R11: 0x00000000
R12: 0xffffff9c
R13: 0xffffffff
R14: 0xffffffff
R15: 0x1000000c
R16: 0x00000000
R17: 0x00000000
R18: 0x00000000
R19: 0x00000000
R20: 0x00000000
R21: 0x00000000
R22: 0x00000000
R23: 0x00000000
R24: 0x00000000
R25: 0x00000000
R26: 0x00000000
R27: 0x00000000
R28: 0x00000000
R29: 0x00000000
R30: 0x00000000
R31: 0x00400034

Current pipeline PC state :
-------------------------------------
CYCLE 36:0x0040003c|0x00400038|0x00400034|          |0x00400050

Current register values : 
-------------------------------------
PC: 0x0040003c
Registers:
R0: 0x00000000
R1: 0x00000000
R2: 0x00000000
R3: 0x00000000
R4: 0x00000000
R5: 0xffffffff
R6: 0x7fffffff
R7: 0xfffffffc
R8: 0x00000000
R9: 0x00000001
R10: 0x00000001
R11: 0x00000000
R12: 0xffffff9c
R13: 0xffffffff
R14: 0xffffffff
R15: 0x1000000c
R16: 0x00000000
R17: 0x00000000
R18: 0x00000000
R19: 0x00000000
R20: 0x00000000
R21: 0x00000000
R22: 0x00000000
R23: 0x00000000
R24: 0x00000000
R25: 0x00000000
R26: 0x00000000
R27: 0x00000000
R28: 0x00000000
R29: 0x00000000
R30: 0x00000000
R31: 0x00400034

Current pipeline PC state :
-------------------------------------
CYCLE 37:0x0040003c|0x00400038|          |0x00400034|          

Current register values : 
-------------------------------------
PC: 0x00400040
Registers:
R0: 0x00000000
R1: 0x00000000
R2: 0x00000000
R3: 0x00000000
R4: 0x00000000
R5: 0xffffffff
R6: 0x7fffffff
R7: 0xfffffffc
R8: 0x00000000
R9: 0x00000001
R10: 0x00000001
R11: 0x00000000
R12: 0xffffff9c
R13: 0xffffffff
R14: 0xffffffff
R15: 0x1000000c
R16: 0x00000000
R17: 0x00000000
R18: 0x00000000
R19: 0x00000000
R20: 0x00000000
R21: 0x00000000
R22: 0x00000000
R23: 0x00000000
R24: 0x00000000
R25: 0x00000000
R26: 0x00000000
R27: 0x00000000
R28: 0x00000000
R29: 0x00000000
R30: 0x00000000
R31: 0x00400034

Current pipeline PC state :
-------------------------------------
CYCLE 38:0x00400040|0x0040003c|0x00400038|          |0x00400034

Current register values : 
-------------------------------------
PC: 0x00400044
Registers:
R0: 0x00000000
R1: 0x00000000
R2: 0x00000000
R3: 0x00000000
R4: 0x00000000
R5: 0xffffffff
R6: 0x7fffffff
R7: 0xfffffffc
R8: 0x00000000
R9: 0x00000001
R10: 0x00000001
R11: 0x00000000
R12: 0xffffff9c
R13: 0xffffffff
R14: 0xffffffff
R15: 0x1000000c
R16: 0x00000000
R17: 0x00000000
R18: 0x00000000
R19: 0x00000000
R20: 0x00000000
R21: 0x00000000
R22: 0x00000000
R23: 0x00000000
R24: 0x00000000
R25: 0x00000000
R26: 0x00000000
R27: 0x00000000
R28: 0x00000000
R29: 0x00000000
R30: 0x00000000
R31: 0x00400034

Current pipeline PC state :
-------------------------------------
CYCLE 39:0x00400044|0x00400040|0x0040003c|0x00400038|          

Current register values : 
-------------------------------------
PC: 0x00400048
Registers:
R0: 0x00000000
R1: 0x00000000
R2: 0x00000000
R3: 0x00000000
R4: 0x00000000
R5: 0xffffffff
R6: 0x7fffffff
R7: 0xfffffffc
R8: 0x00000000
R9: 0x00000001
R10: 0x00000001
R11: 0x00000000
R12: 0xffffff9c
R13: 0xffffffff
R14: 0xffffffff
R15: 0x1000000c
R16: 0x00000000
R17: 0x00000000
R18: 0x00000000
R19: 0x00000000
R20: 0x00000000
R21: 0x00000000
R22: 0x00000000
R23: 0x00000000
R24: 0x00000000
R25: 0x00000000
R26: 0x00000000
R27: 0x00000000
R28: 0x00000000
R29: 0x00000000
R30: 0x00000000
R31: 0x00400034

Current pipeline PC state :
-------------------------------------
CYCLE 40:0x00400048|0x00400044|0x00400040|0x0040003c|0x00400038

Current register values : 
-------------------------------------
PC: 0x0040004c
Registers:
R0: 0x00000000
R1: 0x00000000
R2: 0x00000000
R3: 0x00000000
R4: 0x00000000
R5: 0xffffffff
R6: 0x7fffffff
R7: 0xfffffffc
R8: 0x00000000
R9: 0x00000001
R10: 0x00000001
R11: 0x00000000
R12: 0xffffff9c
R13: 0xffffffff
R14: 0xffffffff
R15: 0x1000000c
R16: 0x00000000
R17: 0x00000000
R18: 0x00000000
R19: 0x00000000
R20: 0x00000000
R21: 0x00000000
R22: 0x00000000
R23: 0x00000000
R24: 0x00000000
R25: 0x00000000
R26: 0x00000000
R27: 0x00000000
R28: 0x00000000
R29: 0x00000000
R30: 0x00000000
R31: 0x00400034

Current pipeline PC state :
-------------------------------------
CYCLE 41:0x0040004c|0x00400048|0x00400044|0x00400040|0x0040003c

Current register values : 
-------------------------------------
PC: 0x00400050
Registers:
R0: 0x00000000
R1: 0x00000000
R2: 0x00000000
R3: 0x00000000
R4: 0x00000000
R5: 0xffffffff
R6: 0x7fffffff
R7: 0xfffffffc
R8: 0x00000000
R9: 0x00000001
R10: 0x00000001
R11: 0x00000000
R12: 0xffffff9c
R13: 0xffffffff
R14: 0xffffffff
R15: 0x1000000c
R16: 0x00000000
R17: 0x00000000
R18: 0x00000000
R19: 0x00000000
R20: 0x00000000
R21: 0x00000000
R22: 0x00000000
R23: 0x00000000
R24: 0x00000000
R25: 0x00000000
R26: 0x00000000
R27: 0x00000000
R28: 0x00000000
R29: 0x00000000
R30: 0x00000000
R31: 0x00400034

Current pipeline PC state :
-------------------------------------
CYCLE 42:0x00400050|0x0040004c|0x00400048|0x00400044|0x00400040

Current register values : 
-------------------------------------
PC: 0x00400054
Registers:
R0: 0x00000000
R1: 0x00000000
R2: 0x00000000
R3: 0x00000000
R4: 0x00000000
R5: 0x00000000
R6: 0x7fffffff
R7: 0xfffffffc
R8: 0x00000000
R9: 0x00000001
R10: 0x00000001
R11: 0x00000000
R12: 0xffffff9c
R13: 0xffffffff
R14: 0xffffffff
R15: 0x1000000c
R16: 0x00000000
R17: 0x00000000
R18: 0x00000000
R19: 0x00000000
R20: 0x00000000
R21: 0x00000000
R22: 0x00000000
R23: 0x00000000
R24: 0x00000000
R25: 0x00000000
R26: 0x00000000
R27: 0x00000000
R28: 0x00000000
R29: 0x00000000
R30: 0x00000000
R31: 0x00400034

Current pipeline PC state :
-------------------------------------
CYCLE 43:0x00400054|0x00400050|0x0040004c|0x00400048|0x00400044

Current register values : 
-------------------------------------
PC: 0x00400034
Registers:
R0: 0x00000000
R1: 0x00000000
R2: 0x00000000
R3: 0x00000000
R4: 0x00000000
R5: 0xffffffff
R6: 0x7fffffff
R7: 0xfffffffc
R8: 0x00000000
R9: 0x00000001
R10: 0x00000001
R11: 0x00000000
R12: 0xffffff9c
R13: 0xffffffff
R14: 0xffffffff
R15: 0x1000000c
R16: 0x00000000
R17: 0x00000000
R18: 0x00000000
R19: 0x00000000
R20: 0x00000000
R21: 0x00000000
R22: 0x00000000
R23: 0x00000000
R24: 0x00000000
R25: 0x00000000
R26: 0x00000000
R27: 0x00000000
R28: 0x00000000
R29: 0x00000000
R30: 0x00000000
R31: 0x00400034

Current pipeline PC state :
-------------------------------------
CYCLE 44:0x00400034|          |0x00400050|0x0040004c|0x00400048

Current register values : 
-------------------------------------
PC: 0x00400038
Registers:
R0: 0x00000000
R1: 0x00000000
R2: 0x00000000
R3: 0x00000000
R4: 0x00000000
R5: 0xffffffff
R6: 0x7fffffff
R7: 0xfffffffc
R8: 0x00000000
R9: 0x00000001
R10: 0x00000001
R11: 0x00000000
R12: 0xffffff9c
R13: 0xffffffff
R14: 0xffffffff
R15: 0x1000000c
R16: 0x00000000
R17: 0x00000000
R18: 0x00000000
R19: 0x00000000
R20: 0x00000000
R21: 0x00000000
R22: 0x00000000
R23: 0x00000000
R24: 0x00000000
R25: 0x00000000
R26: 0x00000000
R27: 0x00000000
R28: 0x00000000
R29: 0x00000000
R30: 0x00000000
R31: 0x00400034

Current pipeline PC state :
-------------------------------------
CYCLE 45:0x00400038|0x00400034|          |0x00400050|0x0040004c

Current register values : 
-------------------------------------
PC: 0x0040003c
Registers:
R0: 0x00000000
R1: 0x00000000
R2: 0x00000000
R3: 0x00000000
R4: 0x00000000
R5: 0xffffffff
R6: 0x7fffffff
R7: 0xfffffffc
R8: 0x00000000
R9: 0x00000001
R10: 0x00000001
R11: 0x00000000
R12: 0xffffff9c
R13: 0xffffffff
R14: 0xffffffff
R15: 0x1000000c
R16: 0x00000000
R17: 0x00000000
R18: 0x00000000
R19: 0x00000000
R20: 0x00000000
R21: 0x00000000
R22: 0x00000000
R23: 0x00000000
R24: 0x00000000
R25: 0x00000000
R26: 0x00000000
R27: 0x00000000
R28: 0x00000000
R29: 0x00000000
R30: 0x00000000
R31: 0x00400034

Current pipeline PC state :
-------------------------------------
CYCLE 46:0x0040003c|0x00400038|0x00400034|          |0x00400050

Current register values : 
-------------------------------------
PC: 0x0040003c
Registers:
R0: 0x00000000
R1: 0x00000000
R2: 0x00000000
R3: 0x00000000
R4: 0x00000000
R5: 0xffffffff
R6: 0x7fffffff
R7: 0xfffffffc
R8: 0x00000000
R9: 0x00000001
R10: 0x00000001
R11: 0x00000000
R12: 0xffffff9c
R13: 0xffffffff
R14: 0xffffffff
R15: 0x1000000c
R16: 0x00000000
R17: 0x00000000
R18: 0x00000000
R19: 0x00000000
R20: 0x00000000
R21: 0x00000000
R22: 0x00000000
R23: 0x00000000
R24: 0x00000000
R25: 0x00000000
R26: 0x00000000
R27: 0x00000000
R28: 0x00000000
R29: 0x00000000
R30: 0x00000000
R31: 0x00400034

Current pipeline PC state :
-------------------------------------
CYCLE 47:0x0040003c|0x00400038|          |0x00400034|          

Current register values : 
-------------------------------------
PC: 0x00400040
Registers:
R0: 0x00000000
R1: 0x00000000
R2: 0x00000000
R3: 0x00000000
R4: 0x00000000
R5: 0xffffffff
R6: 0x7fffffff
R7: 0xfffffffc
R8: 0x00000000
R9: 0x00000001
R10: 0x00000001
R11: 0x00000000
R12: 0xffffff9c
R13: 0xffffffff
R14: 0xffffffff
R15: 0x1000000c
R16: 0x00000000
R17: 0x00000000
R18: 0x00000000
R19: 0x00000000
R20: 0x00000000
R21: 0x00000000
R22: 0x00000000
R23: 0x00000000
R24: 0x00000000
R25: 0x00000000
R26: 0x00000000
R27: 0x00000000
R28: 0x00000000
R29: 0x00000000
R30: 0x00000000
R31: 0x00400034

Current pipeline PC state :
-------------------------------------
CYCLE 48:0x00400040|0x0040003c|0x00400038|          |0x00400034

Current register values : 
-------------------------------------
PC: 0x00400044
Registers:
R0: 0x00000000
R1: 0x00000000
R2: 0x00000000
R3: 0x00000000
R4: 0x00000000
R5: 0xffffffff
R6: 0x7fffffff
R7: 0xfffffffc
R8: 0x00000000
R9: 0x00000001
R10: 0x00000001
R11: 0x00000000
R12: 0xffffff9c
R13: 0xffffffff
R14: 0xffffffff
R15: 0x1000000c
R16: 0x00000000
R17: 0x00000000
R18: 0x00000000
R19: 0x00000000
R20: 0x00000000
R21: 0x00000000
R22: 0x00000000
R23: 0x00000000
R24: 0x00000000
R25: 0x00000000
R26: 0x00000000
R27: 0x00000000
R28: 0x00000000
R29: 0x00000000
R30: 0x00000000
R31: 0x00400034

Current pipeline PC state :
-------------------------------------
CYCLE 49:0x00400044|0x00400040|0x0040003c|0x00400038|          

Current register values : 
-------------------------------------
PC: 0x00400048
Registers:
R0: 0x00000000
R1: 0x00000000
R2: 0x00000000
R3: 0x00000000
R4: 0x00000000
R5: 0xffffffff
R6: 0x7fffffff
R7: 0xfffffffc
R8: 0x00000000
R9: 0x00000001
R10: 0x00000001
R11: 0x00000000
R12: 0xffffff9c
R13: 0xffffffff
R14: 0xffffffff
R15: 0x1000000c
R16: 0x00000000
R17: 0x00000000
R18: 0x00000000
R19: 0x00000000
R20: 0x00000000
R21: 0x00000000
R22: 0x00000000
R23: 0x00000000
R24: 0x00000000
R25: 0x00000000
R26: 0x00000000
R27: 0x00000000
R28: 0x00000000
R29: 0x00000000
R30: 0x00000000
R31: 0x00400034

Current pipeline PC state :
-------------------------------------
CYCLE 50:0x00400048|0x00400044|0x00400040|0x0040003c|0x00400038

Current register values : 
-------------------------------------
PC: 0x0040004c
Registers:
R0: 0x00000000
R1: 0x00000000
R2: 0x00000000
R3: 0x00000000
R4: 0x00000000
R5: 0xffffffff
R6: 0x7fffffff
R7: 0xfffffffc
R8: 0x00000000
R9: 0x00000001
R10: 0x00000001
R11: 0x00000000
R12: 0xffffff9c
R13: 0xffffffff
R14: 0xffffffff
R15: 0x1000000c
R16: 0x00000000
R17: 0x00000000
R18: 0x00000000
R19: 0x00000000
R20: 0x00000000
R21: 0x00000000
R22: 0x00000000
R23: 0x00000000
R24: 0x00000000
R25: 0x00000000
R26: 0x00000000
R27: 0x00000000
R28: 0x00000000
R29: 0x00000000
R30: 0x00000000
R31: 0x00400034

Current pipeline PC state :
-------------------------------------
CYCLE 51:0x0040004c|0x00400048|0x00400044|0x00400040|0x0040003c

Current register values : 
-------------------------------------
PC: 0x00400050
Registers:
R0: 0x00000000
R1: 0x00000000
R2: 0x00000000
R3: 0x00000000
R4: 0x00000000
R5: 0xffffffff
R6: 0x7fffffff
R7: 0xfffffffc
R8: 0x00000000
R9: 0x00000001
R10: 0x00000001
R11: 0x00000000
R12: 0xffffff9c
R13: 0xffffffff
R14: 0xffffffff
R15: 0x1000000c
R16: 0x00000000
R17: 0x00000000
R18: 0x00000000
R19: 0x00000000
R20: 0x00000000
R21: 0x00000000
R22: 0x00000000
R23: 0x00000000
R24: 0x00000000
R25: 0x00000000
R26: 0x00000000
R27: 0x00000000
R28: 0x00000000
R29: 0x00000000
R30: 0x00000000
R31: 0x00400034

Current pipeline PC state :
-------------------------------------
CYCLE 52:0x00400050|0x0040004c|0x00400048|0x00400044|0x00400040

Current register values : 
-------------------------------------
PC: 0x00400054
Registers:
R0: 0x00000000
R1: 0x00000000
R2: 0x00000000
R3: 0x00000000
R4: 0x00000000
R5: 0x00000000
R6: 0x7fffffff
R7: 0xfffffffc
R8: 0x00000000
R9: 0x00000001
R10: 0x00000001
R11: 0x00000000
R12: 0xffffff9c
R13: 0xffffffff
R14: 0xffffffff
R15: 0x1000000c
R16: 0x00000000
R17: 0x00000000
R18: 0x00000000
R19: 0x00000000
R20: 0x00000000
R21: 0x00000000
R22: 0x00000000
R23: 0x00000000
R24: 0x00000000
R25: 0x00000000
R26: 0x00000000
R27: 0x00000000
R28: 0x00000000
R29: 0x00000000
R30: 0x00000000
R31: 0x00400034

Current pipeline PC state :
-------------------------------------
CYCLE 53:0x00400054|0x00400050|0x0040004c|0x00400048|0x00400044

Current register values : 
-------------------------------------
PC: 0x00400034
Registers:
R0: 0x00000000
R1: 0x00000000
R2: 0x00000000
R3: 0x00000000
R4: 0x00000000
R5: 0xffffffff
R6: 0x7fffffff
R7: 0xfffffffc
R8: 0x00000000
R9: 0x00000001
R10: 0x00000001
R11: 0x00000000
R12: 0xffffff9c
R13: 0xffffffff
R14: 0xffffffff
R15: 0x1000000c
R16: 0x00000000
R17: 0x00000000
R18: 0x00000000
R19: 0x00000000
R20: 0x00000000
R21: 0x00000000
R22: 0x00000000
R23: 0x00000000
R24: 0x00000000
R25: 0x00000000
R26: 0x00000000
R27: 0x00000000
R28: 0x00000000
R29: 0x00000000
R30: 0x00000000
R31: 0x00400034

Current pipeline PC state :
-------------------------------------
CYCLE 54:0x00400034|          |0x00400050|0x0040004c|0x00400048

Current register values : 
-------------------------------------
PC: 0x00400038
Registers:
R0: 0x00000000
R1: 0x00000000
R2: 0x00000000
R3: 0x00000000
R4: 0x00000000
R5: 0xffffffff
R6: 0x7fffffff
R7: 0xfffffffc
R8: 0x00000000
R9: 0x00000001
R10: 0x00000001
R11: 0x00000000
R12: 0xffffff9c
R13: 0xffffffff
R14: 0xffffffff
R15: 0x1000000c
R16: 0x00000000
R17: 0x00000000
R18: 0x00000000
R19: 0x00000000
R20: 0x00000000
R21: 0x00000000
R22: 0x00000000
R23: 0x00000000
R24: 0x00000000
R25: 0x00000000
R26: 0x00000000
R27: 0x00000000
R28: 0x00000000
R29: 0x00000000
R30: 0x00000000
R31: 0x00400034

Current pipeline PC state :
-------------------------------------
CYCLE 55:0x00400038|0x00400034|          |0x00400050|0x0040004c

Current register values : 
-------------------------------------
PC: 0x0040003c
Registers:
R0: 0x00000000
R1: 0x00000000
R2: 0x00000000
R3: 0x00000000
R4: 0x00000000
R5: 0xffffffff
R6: 0x7fffffff
R7: 0xfffffffc
R8: 0x00000000
R9: 0x00000001
R10: 0x00000001
R11: 0x00000000
R12: 0xffffff9c
R13: 0xffffffff
R14: 0xffffffff
R15: 0x1000000c
R16: 0x00000000
R17: 0x00000000
R18: 0x00000000
R19: 0x00000000
R20: 0x00000000
R21: 0x00000000
R22: 0x00000000
R23: 0x00000000
R24: 0x00000000
R25: 0x00000000
R26: 0x00000000
R27: 0x00000000
R28: 0x00000000
R29: 0x00000000
R30: 0x00000000
R31: 0x00400034

Current pipeline PC state :
-------------------------------------
CYCLE 56:0x0040003c|0x00400038|0x00400034|          |0x00400050

Current register values : 
-------------------------------------
PC: 0x0040003c
Registers:
R0: 0x00000000
R1: 0x00000000
R2: 0x00000000
R3: 0x00000000
R4: 0x00000000
R5: 0xffffffff
R6: 0x7fffffff
R7: 0xfffffffc
R8: 0x00000000
R9: 0x00000001
R10: 0x00000001
R11: 0x00000000
R12: 0xffffff9c
R13: 0xffffffff
R14: 0xffffffff
R15: 0x1000000c
R16: 0x00000000
R17: 0x00000000
R18: 0x00000000
R19: 0x00000000
R20: 0x00000000
R21: 0x00000000
R22: 0x00000000
R23: 0x00000000
R24: 0x00000000
R25: 0x00000000
R26: 0x00000000
R27: 0x00000000
R28: 0x00000000
R29: 0x00000000
R30: 0x00000000
R31: 0x00400034

Current pipeline PC state :
-------------------------------------
CYCLE 57:0x0040003c|0x00400038|          |0x00400034|          

Current register values : 
-------------------------------------
PC: 0x00400040
Registers:
R0: 0x00000000
R1: 0x00000000
R2: 0x00000000
R3: 0x00000000
R4: 0x00000000
R5: 0xffffffff
R6: 0x7fffffff
R7: 0xfffffffc
R8: 0x00000000
R9: 0x00000001
R10: 0x00000001
R11: 0x00000000
R12: 0xffffff9c
R13: 0xffffffff
R14: 0xffffffff
R15: 0x1000000c
R16: 0x00000000
R17: 0x00000000
R18: 0x00000000
R19: 0x00000000
R20: 0x00000000
R21: 0x00000000
R22: 0x00000000
R23: 0x00000000
R24: 0x00000000
R25: 0x00000000
R26: 0x00000000
R27: 0x00000000
R28: 0x00000000
R29: 0x00000000
R30: 0x00000000
R31: 0x00400034

Current pipeline PC state :
-------------------------------------
CYCLE 58:0x00400040|0x0040003c|0x00400038|          |0x00400034

Current register values : 
-------------------------------------
PC: 0x00400044
Registers:
R0: 0x00000000
R1: 0x00000000
R2: 0x00000000
R3: 0x00000000
R4: 0x00000000
R5: 0xffffffff
R6: 0x7fffffff
R7: 0xfffffffc
R8: 0x00000000
R9: 0x00000001
R10: 0x00000001
R11: 0x00000000
R12: 0xffffff9c
R13: 0xffffffff
R14: 0xffffffff
R15: 0x1000000c
R16: 0x00000000
R17: 0x00000000
R18: 0x00000000
R19: 0x00000000
R20: 0x00000000
R21: 0x00000000
R22: 0x00000000
R23: 0x00000000
R24: 0x00000000
R25: 0x00000000
R26: 0x00000000
R27: 0x00000000
R28: 0x00000000
R29: 0x00000000
R30: 0x00000000
R31: 0x00400034

Current pipeline PC state :
-------------------------------------
CYCLE 59:0x00400044|0x00400040|0x0040003c|0x00400038|          

Current register values : 
-------------------------------------
PC: 0x00400048
Registers:
R0: 0x00000000
R1: 0x00000000
R2: 0x00000000
R3: 0x00000000
R4: 0x00000000
R5: 0xffffffff
R6: 0x7fffffff
R7: 0xfffffffc
R8: 0x00000000
R9: 0x00000001
R10: 0x00000001
R11: 0x00000000
R12: 0xffffff9c
R13: 0xffffffff
R14: 0xffffffff
R15: 0x1000000c
R16: 0x00000000
R17: 0x00000000
R18: 0x00000000
R19: 0x00000000
R20: 0x00000000
R21: 0x00000000
R22: 0x00000000
R23: 0x00000000
R24: 0x00000000
R25: 0x00000000
R26: 0x00000000
R27: 0x00000000
R28: 0x00000000
R29: 0x00000000
R30: 0x00000000
R31: 0x00400034

Current pipeline PC state :
-------------------------------------
CYCLE 60:0x00400048|0x00400044|0x00400040|0x0040003c|0x00400038

Current register values : 
-------------------------------------
PC: 0x0040004c
Registers:
R0: 0x00000000
R1: 0x00000000
R2: 0x00000000
R3: 0x00000000
R4: 0x00000000
R5: 0xffffffff
R6: 0x7fffffff
R7: 0xfffffffc
R8: 0x00000000
R9: 0x00000001
R10: 0x00000001
R11: 0x00000000
R12: 0xffffff9c
R13: 0xffffffff
R14: 0xffffffff
R15: 0x1000000c
R16: 0x00000000
R17: 0x00000000
R18: 0x00000000
R19: 0x00000000
R20: 0x00000000
R21: 0x00000000
R22: 0x00000000
R23: 0x00000000
R24: 0x00000000
R25: 0x00000000
R26: 0x00000000
R27: 0x00000000
R28: 0x00000000
R29: 0x00000000
R30: 0x00000000
R31: 0x00400034

Current pipeline PC state :
-------------------------------------
CYCLE 61:0x0040004c|0x00400048|0x00400044|0x00400040|0x0040003c

Current register values : 
-------------------------------------
PC: 0x00400050
Registers:
R0: 0x00000000
R1: 0x00000000
R2: 0x00000000
R3: 0x00000000
R4: 0x00000000
R5: 0xffffffff
R6: 0x7fffffff
R7: 0xfffffffc
R8: 0x00000000
R9: 0x00000001
R10: 0x00000001
R11: 0x00000000
R12: 0xffffff9c
R13: 0xffffffff
R14: 0xffffffff
R15: 0x1000000c
R16: 0x00000000
R17: 0x00000000
R18: 0x00000000
R19: 0x00000000
R20: 0x00000000
R21: 0x00000000
R22: 0x00000000
R23: 0x00000000
R24: 0x00000000
R25: 0x00000000
R26: 0x00000000
R27: 0x00000000
R28: 0x00000000
R29: 0x00000000
R30: 0x00000000
R31: 0x00400034

Current pipeline PC state :
-------------------------------------
CYCLE 62:0x00400050|0x0040004c|0x00400048|0x00400044|0x00400040

Current register values : 
-------------------------------------
PC: 0x00400054
Registers:
R0: 0x00000000
R1: 0x00000000
R2: 0x00000000
R3: 0x00000000
R4: 0x00000000
R5: 0x00000000
R6: 0x7fffffff
R7: 0xfffffffc
R8: 0x00000000
R9: 0x00000001
R10: 0x00000001
R11: 0x00000000
R12: 0xffffff9c
R13: 0xffffffff
R14: 0xffffffff
R15: 0x1000000c
R16: 0x00000000
R17: 0x00000000
R18: 0x00000000
R19: 0x00000000
R20: 0x00000000
R21: 0x00000000
R22: 0x00000000
R23: 0x00000000
R24: 0x00000000
R25: 0x00000000
R26: 0x00000000
R27: 0x00000000
R28: 0x00000000
R29: 0x00000000
R30: 0x00000000
R31: 0x00400034

Current pipeline PC state :
-------------------------------------
CYCLE 63:0x00400054|0x00400050|0x0040004c|0x00400048|0x00400044

Current register values : 
-------------------------------------
PC: 0x00400034
Registers:
R0: 0x00000000
R1: 0x00000000
R2: 0x00000000
R3: 0x00000000
R4: 0x00000000
R5: 0xffffffff
R6: 0x7fffffff
R7: 0xfffffffc
R8: 0x00000000
R9: 0x00000001
R10: 0x00000001
R11: 0x00000000
R12: 0xffffff9c
R13: 0xffffffff
R14: 0xffffffff
R15: 0x1000000c
R16: 0x00000000
R17: 0x00000000
R18: 0x00000000
R19: 0x00000000
R20: 0x00000000
R21: 0x00000000
R22: 0x00000000
R23: 0x00000000
R24: 0x00000000
R25: 0x00000000
R26: 0x00000000
R27: 0x00000000
R28: 0x00000000
R29: 0x00000000
R30: 0x00000000
R31: 0x00400034

Current pipeline PC state :
-------------------------------------
CYCLE 64:0x00400034|          |0x00400050|0x0040004c|0x00400048

Current register values : 
-------------------------------------
PC: 0x00400038
Registers:
R0: 0x00000000
R1: 0x00000000
R2: 0x00000000
R3: 0x00000000
R4: 0x00000000
R5: 0xffffffff
R6: 0x7fffffff
R7: 0xfffffffc
R8: 0x00000000
R9: 0x00000001
R10: 0x00000001
R11: 0x00000000
R12: 0xffffff9c
R13: 0xffffffff
R14: 0xffffffff
R15: 0x1000000c
R16: 0x00000000
R17: 0x00000000
R18: 0x00000000
R19: 0x00000000
R20: 0x00000000
R21: 0x00000000
R22: 0x00000000
R23: 0x00000000
R24: 0x00000000
R25: 0x00000000
R26: 0x00000000
R27: 0x00000000
R28: 0x00000000
R29: 0x00000000
R30: 0x00000000
R31: 0x00400034

Current pipeline PC state :
-------------------------------------
CYCLE 65:0x00400038|0x00400034|          |0x00400050|0x0040004c

Current register values : 
-------------------------------------
PC: 0x0040003c
Registers:
R0: 0x00000000
R1: 0x00000000
R2: 0x00000000
R3: 0x00000000
R4: 0x00000000
R5: 0xffffffff
R6: 0x7fffffff
R7: 0xfffffffc
R8: 0x00000000
R9: 0x00000001
R10: 0x00000001
R11: 0x00000000
R12: 0xffffff9c
R13: 0xffffffff
R14: 0xffffffff
R15: 0x1000000c
R16: 0x00000000
R17: 0x00000000
R18: 0x00000000
R19: 0x00000000
R20: 0x00000000
R21: 0x00000000
R22: 0x00000000
R23: 0x00000000
R24: 0x00000000
R25: 0x00000000
R26: 0x00000000
R27: 0x00000000
R28: 0x00000000
R29: 0x00000000
R30: 0x00000000
R31: 0x00400034

Current pipeline PC state :
-------------------------------------
CYCLE 66:0x0040003c|0x00400038|0x00400034|          |0x00400050

Current register values : 
-------------------------------------
PC: 0x0040003c
Registers:
R0: 0x00000000
R1: 0x00000000
R2: 0x00000000
R3: 0x00000000
R4: 0x00000000
R5: 0xffffffff
R6: 0x7fffffff
R7: 0xfffffffc
R8: 0x00000000
R9: 0x00000001
R10: 0x00000001
R11: 0x00000000
R12: 0xffffff9c
R13: 0xffffffff
R14: 0xffffffff
R15: 0x1000000c
R16: 0x00000000
R17: 0x00000000
R18: 0x00000000
R19: 0x00000000
R20: 0x00000000
R21: 0x00000000
R22: 0x00000000
R23: 0x00000000
R24: 0x00000000
R25: 0x00000000
R26: 0x00000000
R27: 0x00000000
R28: 0x00000000
R29: 0x00000000
R30: 0x00000000
R31: 0x00400034

Current pipeline PC state :
-------------------------------------
CYCLE 67:0x0040003c|0x00400038|          |0x00400034|          

Current register values : 
-------------------------------------
PC: 0x00400040
Registers:
R0: 0x00000000
R1: 0x00000000
R2: 0x00000000
R3: 0x00000000
R4: 0x00000000
R5: 0xffffffff
R6: 0x7fffffff
R7: 0xfffffffc
R8: 0x00000000
R9: 0x00000001
R10: 0x00000001
R11: 0x00000000
R12: 0xffffff9c
R13: 0xffffffff
R14: 0xffffffff
R15: 0x1000000c
R16: 0x00000000
R17: 0x00000000
R18: 0x00000000
R19: 0x00000000
R20: 0x00000000
R21: 0x00000000
R22: 0x00000000
R23: 0x00000000
R24: 0x00000000
R25: 0x00000000
R26: 0x00000000
R27: 0x00000000
R28: 0x00000000
R29: 0x00000000
R30: 0x00000000
R31: 0x00400034

Current pipeline PC state :
-------------------------------------
CYCLE 68:0x00400040|0x0040003c|0x00400038|          |0x00400034

Current register values : 
-------------------------------------
PC: 0x00400044
Registers:
R0: 0x00000000
R1: 0x00000000
R2: 0x00000000
R3: 0x00000000
R4: 0x00000000
R5: 0xffffffff
R6: 0x7fffffff
R7: 0xfffffffc
R8: 0x00000000
R9: 0x00000001
R10: 0x00000001
R11: 0x00000000
R12: 0xffffff9c
R13: 0xffffffff
R14: 0xffffffff
R15: 0x1000000c
R16: 0x00000000
R17: 0x00000000
R18: 0x00000000
R19: 0x00000000
R20: 0x00000000
R21: 0x00000000
R22: 0x00000000
R23: 0x00000000
R24: 0x00000000
R25: 0x00000000
R26: 0x00000000
R27: 0x00000000
R28: 0x00000000
R29: 0x00000000
R30: 0x00000000
R31: 0x00400034

Current pipeline PC state :
-------------------------------------
CYCLE 69:0x00400044|0x00400040|0x0040003c|0x00400038|          

Current register values : 
-------------------------------------
PC: 0x00400048
Registers:
R0: 0x00000000
R1: 0x00000000
R2: 0x00000000
R3: 0x00000000
R4: 0x00000000
R5: 0xffffffff
R6: 0x7fffffff
R7: 0xfffffffc
R8: 0x00000000
R9: 0x00000001
R10: 0x00000001
R11: 0x00000000
R12: 0xffffff9c
R13: 0xffffffff
R14: 0xffffffff
R15: 0x1000000c
R16: 0x00000000
R17: 0x00000000
R18: 0x00000000
R19: 0x00000000
R20: 0x00000000
R21: 0x00000000
R22: 0x00000000
R23: 0x00000000
R24: 0x00000000
R25: 0x00000000
R26: 0x00000000
R27: 0x00000000
R28: 0x00000000
R29: 0x00000000
R30: 0x00000000
R31: 0x00400034

Current pipeline PC state :
-------------------------------------
CYCLE 70:0x00400048|0x00400044|0x00400040|0x0040003c|0x00400038

Current register values : 
-------------------------------------
PC: 0x0040004c
Registers:
R0: 0x00000000
R1: 0x00000000
R2: 0x00000000
R3: 0x00000000
R4: 0x00000000
R5: 0xffffffff
R6: 0x7fffffff
R7: 0xfffffffc
R8: 0x00000000
R9: 0x00000001
R10: 0x00000001
R11: 0x00000000
R12: 0xffffff9c
R13: 0xffffffff
R14: 0xffffffff
R15: 0x1000000c
R16: 0x00000000
R17: 0x00000000
R18: 0x00000000
R19: 0x00000000
R20: 0x00000000
R21: 0x00000000
R22: 0x00000000
R23: 0x00000000
R24: 0x00000000
R25: 0x00000000
R26: 0x00000000
R27: 0x00000000
R28: 0x00000000
R29: 0x00000000
R30: 0x00000000
R31: 0x00400034

Current pipeline PC state :
-------------------------------------
CYCLE 71:0x0040004c|0x00400048|0x00400044|0x00400040|0x0040003c

Current register values : 
-------------------------------------
PC: 0x00400050
Registers:
R0: 0x00000000
R1: 0x00000000
R2: 0x00000000
R3: 0x00000000
R4: 0x00000000
R5: 0xffffffff
R6: 0x7fffffff
R7: 0xfffffffc
R8: 0x00000000
R9: 0x00000001
R10: 0x00000001
R11: 0x00000000
R12: 0xffffff9c
R13: 0xffffffff
R14: 0xffffffff
R15: 0x1000000c
R16: 0x00000000
R17: 0x00000000
R18: 0x00000000
R19: 0x00000000
R20: 0x00000000
R21: 0x00000000
R22: 0x00000000
R23: 0x00000000
R24: 0x00000000
R25: 0x00000000
R26: 0x00000000
R27: 0x00000000
R28: 0x00000000
R29: 0x00000000
R30: 0x00000000
R31: 0x00400034

Current pipeline PC state :
-------------------------------------
CYCLE 72:0x00400050|0x0040004c|0x00400048|0x00400044|0x00400040

Current register values : 
-------------------------------------
PC: 0x00400054
Registers:
R0: 0x00000000
R1: 0x00000000
R2: 0x00000000
R3: 0x00000000
R4: 0x00000000
R5: 0x00000000
R6: 0x7fffffff
R7: 0xfffffffc
R8: 0x00000000
R9: 0x00000001
R10: 0x00000001
R11: 0x00000000
R12: 0xffffff9c
R13: 0xffffffff
R14: 0xffffffff
R15: 0x1000000c
R16: 0x00000000
R17: 0x00000000
R18: 0x00000000
R19: 0x00000000
R20: 0x00000000
R21: 0x00000000
R22: 0x00000000
R23: 0x00000000
R24: 0x00000000
R25: 0x00000000
R26: 0x00000000
R27: 0x00000000
R28: 0x00000000
R29: 0x00000000
R30: 0x00000000
R31: 0x00400034

Current pipeline PC state :
-------------------------------------
CYCLE 73:0x00400054|0x00400050|0x0040004c|0x00400048|0x00400044

Current register values : 
-------------------------------------
PC: 0x00400034
Registers:
R0: 0x00000000
R1: 0x00000000
R2: 0x00000000
R3: 0x00000000
R4: 0x00000000
R5: 0xffffffff
R6: 0x7fffffff
R7: 0xfffffffc
R8: 0x00000000
R9: 0x00000001
R10: 0x00000001
R11: 0x00000000
R12: 0xffffff9c
R13: 0xffffffff
R14: 0xffffffff
R15: 0x1000000c
R16: 0x00000000
R17: 0x00000000
R18: 0x00000000
R19: 0x00000000
R20: 0x00000000
R21: 0x00000000
R22: 0x00000000
R23: 0x00000000
R24: 0x00000000
R25: 0x00000000
R26: 0x00000000
R27: 0x00000000
R28: 0x00000000
R29: 0x00000000
R30: 0x00000000
R31: 0x00400034

Current pipeline PC state :
-------------------------------------
CYCLE 74:0x00400034|          |0x00400050|0x0040004c|0x00400048

Current register values : 
-------------------------------------
PC: 0x00400038
Registers:
R0: 0x00000000
R1: 0x00000000
R2: 0x00000000
R3: 0x00000000
R4: 0x00000000
R5: 0xffffffff
R6: 0x7fffffff
R7: 0xfffffffc
R8: 0x00000000
R9: 0x00000001
R10: 0x00000001
R11: 0x00000000
R12: 0xffffff9c
R13: 0xffffffff
R14: 0xffffffff
R15: 0x1000000c
R16: 0x00000000
R17: 0x00000000
R18: 0x00000000
R19: 0x00000000
R20: 0x00000000
R21: 0x00000000
R22: 0x00000000
R23: 0x00000000
R24: 0x00000000
R25: 0x00000000
R26: 0x00000000
R27: 0x00000000
R28: 0x00000000
R29: 0x00000000
R30: 0x00000000
R31: 0x00400034

Current pipeline PC state :
-------------------------------------
CYCLE 75:0x00400038|0x00400034|          |0x00400050|0x0040004c

Current register values : 
-------------------------------------
PC: 0x0040003c
Registers:
R0: 0x00000000
R1: 0x00000000
R2: 0x00000000
R3: 0x00000000
R4: 0x00000000
R5: 0xffffffff
R6: 0x7fffffff
R7: 0xfffffffc
R8: 0x00000000
R9: 0x00000001
R10: 0x00000001
R11: 0x00000000
R12: 0xffffff9c
R13: 0xffffffff
R14: 0xffffffff
R15: 0x1000000c
R16: 0x00000000
R17: 0x00000000
R18: 0x00000000
R19: 0x00000000
R20: 0x00000000
R21: 0x00000000
R22: 0x00000000
R23: 0x00000000
R24: 0x00000000
R25: 0x00000000
R26: 0x00000000
R27: 0x00000000
R28: 0x00000000
R29: 0x00000000
R30: 0x00000000
R31: 0x00400034

Current pipeline PC state :
-------------------------------------
CYCLE 76:0x0040003c|0x00400038|0x00400034|          |0x00400050

Current register values : 
-------------------------------------
PC: 0x0040003c
Registers:
R0: 0x00000000
R1: 0x00000000
R2: 0x00000000
R3: 0x00000000
R4: 0x00000000
R5: 0xffffffff
R6: 0x7fffffff
R7: 0xfffffffc
R8: 0x00000000
R9: 0x00000001
R10: 0x00000001
R11: 0x00000000
R12: 0xffffff9c
R13: 0xffffffff
R14: 0xffffffff
R15: 0x1000000c
R16: 0x00000000
R17: 0x00000000
R18: 0x00000000
R19: 0x00000000
R20: 0x00000000
R21: 0x00000000
R22: 0x00000000
R23: 0x00000000
R24: 0x00000000
R25: 0x00000000
R26: 0x00000000
R27: 0x00000000
R28: 0x00000000
R29: 0x00000000
R30: 0x00000000
R31: 0x00400034

Current pipeline PC state :
-------------------------------------
CYCLE 77:0x0040003c|0x00400038|          |0x00400034|          

Current register values : 
-------------------------------------
PC: 0x00400040
Registers:
R0: 0x00000000
R1: 0x00000000
R2: 0x00000000
R3: 0x00000000
R4: 0x00000000
R5: 0xffffffff
R6: 0x7fffffff
R7: 0xfffffffc
R8: 0x00000000
R9: 0x00000001
R10: 0x00000001
R11: 0x00000000
R12: 0xffffff9c
R13: 0xffffffff
R14: 0xffffffff
R15: 0x1000000c
R16: 0x00000000
R17: 0x00000000
R18: 0x00000000
R19: 0x00000000
R20: 0x00000000
R21: 0x00000000
R22: 0x00000000
R23: 0x00000000
R24: 0x00000000
R25: 0x00000000
R26: 0x00000000
R27: 0x00000000
R28: 0x00000000
R29: 0x00000000
R30: 0x00000000
R31: 0x00400034

Current pipeline PC state :
-------------------------------------
CYCLE 78:0x00400040|0x0040003c|0x00400038|          |0x00400034

Current register values : 
-------------------------------------
PC: 0x00400044
Registers:
R0: 0x00000000
R1: 0x00000000
R2: 0x00000000
R3: 0x00000000
R4: 0x00000000
R5: 0xffffffff
R6: 0x7fffffff
R7: 0xfffffffc
R8: 0x00000000
R9: 0x00000001
R10: 0x00000001
R11: 0x00000000
R12: 0xffffff9c
R13: 0xffffffff
R14: 0xffffffff
R15: 0x1000000c
R16: 0x00000000
R17: 0x00000000
R18: 0x00000000
R19: 0x00000000
R20: 0x00000000
R21: 0x00000000
R22: 0x00000000
R23: 0x00000000
R24: 0x00000000
R25: 0x00000000
R26: 0x00000000
R27: 0x00000000
R28: 0x00000000
R29: 0x00000000
R30: 0x00000000
R31: 0x00400034

Current pipeline PC state :
-------------------------------------
CYCLE 79:0x00400044|0x00400040|0x0040003c|0x00400038|          

Current register values : 
-------------------------------------
PC: 0x00400048
Registers:
R0: 0x00000000
R1: 0x00000000
R2: 0x00000000
R3: 0x00000000
R4: 0x00000000
R5: 0xffffffff
R6: 0x7fffffff
R7: 0xfffffffc
R8: 0x00000000
R9: 0x00000001
R10: 0x00000001
R11: 0x00000000
R12: 0xffffff9c
R13: 0xffffffff
R14: 0xffffffff
R15: 0x1000000c
R16: 0x00000000
R17: 0x00000000
R18: 0x00000000
R19: 0x00000000
R20: 0x00000000
R21: 0x00000000
R22: 0x00000000
R23: 0x00000000
R24: 0x00000000
R25: 0x00000000
R26: 0x00000000
R27: 0x00000000
R28: 0x00000000
R29: 0x00000000
R30: 0x00000000
R31: 0x00400034

Current pipeline PC state :
-------------------------------------
CYCLE 80:0x00400048|0x00400044|0x00400040|0x0040003c|0x00400038

Current register values : 
-------------------------------------
PC: 0x0040004c
Registers:
R0: 0x00000000
R1: 0x00000000
R2: 0x00000000
R3: 0x00000000
R4: 0x00000000
R5: 0xffffffff
R6: 0x7fffffff
R7: 0xfffffffc
R8: 0x00000000
R9: 0x00000001
R10: 0x00000001
R11: 0x00000000
R12: 0xffffff9c
R13: 0xffffffff
R14: 0xffffffff
R15: 0x1000000c
R16: 0x00000000
R17: 0x00000000
R18: 0x00000000
R19: 0x00000000
R20: 0x00000000
R21: 0x00000000
R22: 0x00000000
R23: 0x00000000
R24: 0x00000000
R25: 0x00000000
R26: 0x00000000
R27: 0x00000000
R28: 0x00000000
R29: 0x00000000
R30: 0x00000000
R31: 0x00400034

Current pipeline PC state :
-------------------------------------
CYCLE 81:0x0040004c|0x00400048|0x00400044|0x00400040|0x0040003c

Current register values : 
-------------------------------------
PC: 0x00400050
Registers:
R0: 0x00000000
R1: 0x00000000
R2: 0x00000000
R3: 0x00000000
R4: 0x00000000
R5: 0xffffffff
R6: 0x7fffffff
R7: 0xfffffffc
R8: 0x00000000
R9: 0x00000001
R10: 0x00000001
R11: 0x00000000
R12: 0xffffff9c
R13: 0xffffffff
R14: 0xffffffff
R15: 0x1000000c
R16: 0x00000000
R17: 0x00000000
R18: 0x00000000
R19: 0x00000000
R20: 0x00000000
R21: 0x00000000
R22: 0x00000000
R23: 0x00000000
R24: 0x00000000
R25: 0x00000000
R26: 0x00000000
R27: 0x00000000
R28: 0x00000000
R29: 0x00000000
R30: 0x00000000
R31: 0x00400034

Current pipeline PC state :
-------------------------------------
CYCLE 82:0x00400050|0x0040004c|0x00400048|0x00400044|0x00400040

Current register values : 
-------------------------------------
PC: 0x00400054
Registers:
R0: 0x00000000
R1: 0x00000000
R2: 0x00000000
R3: 0x00000000
R4: 0x00000000
R5: 0x00000000
R6: 0x7fffffff
R7: 0xfffffffc
R8: 0x00000000
R9: 0x00000001
R10: 0x00000001
R11: 0x00000000
R12: 0xffffff9c
R13: 0xffffffff
R14: 0xffffffff
R15: 0x1000000c
R16: 0x00000000
R17: 0x00000000
R18: 0x00000000
R19: 0x00000000
R20: 0x00000000
R21: 0x00000000
R22: 0x00000000
R23: 0x00000000
R24: 0x00000000
R25: 0x00000000
R26: 0x00000000
R27: 0x00000000
R28: 0x00000000
R29: 0x00000000
R30: 0x00000000
R31: 0x00400034

Current pipeline PC state :
-------------------------------------
CYCLE 83:0x00400054|0x00400050|0x0040004c|0x00400048|0x00400044

Current register values : 
-------------------------------------
PC: 0x00400034
Registers:
R0: 0x00000000
R1: 0x00000000
R2: 0x00000000
R3: 0x00000000
R4: 0x00000000
R5: 0xffffffff
R6: 0x7fffffff
R7: 0xfffffffc
R8: 0x00000000
R9: 0x00000001
R10: 0x00000001
R11: 0x00000000
R12: 0xffffff9c
R13: 0xffffffff
R14: 0xffffffff
R15: 0x1000000c
R16: 0x00000000
R17: 0x00000000
R18: 0x00000000
R19: 0x00000000
R20: 0x00000000
R21: 0x00000000
R22: 0x00000000
R23: 0x00000000
R24: 0x00000000
R25: 0x00000000
R26: 0x00000000
R27: 0x00000000
R28: 0x00000000
R29: 0x00000000
R30: 0x00000000
R31: 0x00400034

Current pipeline PC state :
-------------------------------------
CYCLE 84:0x00400034|          |0x00400050|0x0040004c|0x00400048

Current register values : 
-------------------------------------
PC: 0x00400038
Registers:
R0: 0x00000000
R1: 0x00000000
R2: 0x00000000
R3: 0x00000000
R4: 0x00000000
R5: 0xffffffff
R6: 0x7fffffff
R7: 0xfffffffc
R8: 0x00000000
R9: 0x00000001
R10: 0x00000001
R11: 0x00000000
R12: 0xffffff9c
R13: 0xffffffff
R14: 0xffffffff
R15: 0x1000000c
R16: 0x00000000
R17: 0x00000000
R18: 0x00000000
R19: 0x00000000
R20: 0x00000000
R21: 0x00000000
R22: 0x00000000
R23: 0x00000000
R24: 0x00000000
R25: 0x00000000
R26: 0x00000000
R27: 0x00000000
R28: 0x00000000
R29: 0x00000000
R30: 0x00000000
R31: 0x00400034

Current pipeline PC state :
-------------------------------------
CYCLE 85:0x00400038|0x00400034|          |0x00400050|0x0040004c

Current register values : 
-------------------------------------
PC: 0x0040003c
Registers:
R0: 0x00000000
R1: 0x00000000
R2: 0x00000000
R3: 0x00000000
R4: 0x00000000
R5: 0xffffffff
R6: 0x7fffffff
R7: 0xfffffffc
R8: 0x00000000
R9: 0x00000001
R10: 0x00000001
R11: 0x00000000
R12: 0xffffff9c
R13: 0xffffffff
R14: 0xffffffff
R15: 0x1000000c
R16: 0x00000000
R17: 0x00000000
R18: 0x00000000
R19: 0x00000000
R20: 0x00000000
R21: 0x00000000
R22: 0x00000000
R23: 0x00000000
R24: 0x00000000
R25: 0x00000000
R26: 0x00000000
R27: 0x00000000
R28: 0x00000000
R29: 0x00000000
R30: 0x00000000
R31: 0x00400034

Current pipeline PC state :
-------------------------------------
CYCLE 86:0x0040003c|0x00400038|0x00400034|          |0x00400050

Current register values : 
-------------------------------------
PC: 0x0040003c
Registers:
R0: 0x00000000
R1: 0x00000000
R2: 0x00000000
R3: 0x00000000
R4: 0x00000000
R5: 0xffffffff
R6: 0x7fffffff
R7: 0xfffffffc
R8: 0x00000000
R9: 0x00000001
R10: 0x00000001
R11: 0x00000000
R12: 0xffffff9c
R13: 0xffffffff
R14: 0xffffffff
R15: 0x1000000c
R16: 0x00000000
R17: 0x00000000
R18: 0x00000000
R19: 0x00000000
R20: 0x00000000
R21: 0x00000000
R22: 0x00000000
R23: 0x00000000
R24: 0x00000000
R25: 0x00000000
R26: 0x00000000
R27: 0x00000000
R28: 0x00000000
R29: 0x00000000
R30: 0x00000000
R31: 0x00400034

Current pipeline PC state :
-------------------------------------
CYCLE 87:0x0040003c|0x00400038|          |0x00400034|          

Current register values : 
-------------------------------------
PC: 0x00400040
Registers:
R0: 0x00000000
R1: 0x00000000
R2: 0x00000000
R3: 0x00000000
R4: 0x00000000
R5: 0xffffffff
R6: 0x7fffffff
R7: 0xfffffffc
R8: 0x00000000
R9: 0x00000001
R10: 0x00000001
R11: 0x00000000
R12: 0xffffff9c
R13: 0xffffffff
R14: 0xffffffff
R15: 0x1000000c
R16: 0x00000000
R17: 0x00000000
R18: 0x00000000
R19: 0x00000000
R20: 0x00000000
R21: 0x00000000
R22: 0x00000000
R23: 0x00000000
R24: 0x00000000
R25: 0x00000000
R26: 0x00000000
R27: 0x00000000
R28: 0x00000000
R29: 0x00000000
R30: 0x00000000
R31: 0x00400034

Current pipeline PC state :
-------------------------------------
CYCLE 88:0x00400040|0x0040003c|0x00400038|          |0x00400034

Current register values : 
-------------------------------------
PC: 0x00400044
Registers:
R0: 0x00000000
R1: 0x00000000
R2: 0x00000000
R3: 0x00000000
R4: 0x00000000
R5: 0xffffffff
R6: 0x7fffffff
R7: 0xfffffffc
R8: 0x00000000
R9: 0x00000001
R10: 0x00000001
R11: 0x00000000
R12: 0xffffff9c
R13: 0xffffffff
R14: 0xffffffff
R15: 0x1000000c
R16: 0x00000000
R17: 0x00000000
R18: 0x00000000
R19: 0x00000000
R20: 0x00000000
R21: 0x00000000
R22: 0x00000000
R23: 0x00000000
R24: 0x00000000
R25: 0x00000000
R26: 0x00000000
R27: 0x00000000
R28: 0x00000000
R29: 0x00000000
R30: 0x00000000
R31: 0x00400034

Current pipeline PC state :
-------------------------------------
CYCLE 89:0x00400044|0x00400040|0x0040003c|0x00400038|          

Current register values : 
-------------------------------------
PC: 0x00400048
Registers:
R0: 0x00000000
R1: 0x00000000
R2: 0x00000000
R3: 0x00000000
R4: 0x00000000
R5: 0xffffffff
R6: 0x7fffffff
R7: 0xfffffffc
R8: 0x00000000
R9: 0x00000001
R10: 0x00000001
R11: 0x00000000
R12: 0xffffff9c
R13: 0xffffffff
R14: 0xffffffff
R15: 0x1000000c
R16: 0x00000000
R17: 0x00000000
R18: 0x00000000
R19: 0x00000000
R20: 0x00000000
R21: 0x00000000
R22: 0x00000000
R23: 0x00000000
R24: 0x00000000
R25: 0x00000000
R26: 0x00000000
R27: 0x00000000
R28: 0x00000000
R29: 0x00000000
R30: 0x00000000
R31: 0x00400034

Current pipeline PC state :
-------------------------------------
CYCLE 90:0x00400048|0x00400044|0x00400040|0x0040003c|0x00400038

Current register values : 
-------------------------------------
PC: 0x0040004c
Registers:
R0: 0x00000000
R1: 0x00000000
R2: 0x00000000
R3: 0x00000000
R4: 0x00000000
R5: 0xffffffff
R6: 0x7fffffff
R7: 0xfffffffc
R8: 0x00000000
R9: 0x00000001
R10: 0x00000001
R11: 0x00000000
R12: 0xffffff9c
R13: 0xffffffff
R14: 0xffffffff
R15: 0x1000000c
R16: 0x00000000
R17: 0x00000000
R18: 0x00000000
R19: 0x00000000
R20: 0x00000000
R21: 0x00000000
R22: 0x00000000
R23: 0x00000000
R24: 0x00000000
R25: 0x00000000
R26: 0x00000000
R27: 0x00000000
R28: 0x00000000
R29: 0x00000000
R30: 0x00000000
R31: 0x00400034

Current pipeline PC state :
-------------------------------------
CYCLE 91:0x0040004c|0x00400048|0x00400044|0x00400040|0x0040003c

Current register values : 
-------------------------------------
PC: 0x00400050
Registers:
R0: 0x00000000
R1: 0x00000000
R2: 0x00000000
R3: 0x00000000
R4: 0x00000000
R5: 0xffffffff
R6: 0x7fffffff
R7: 0xfffffffc
R8: 0x00000000
R9: 0x00000001
R10: 0x00000001
R11: 0x00000000
R12: 0xffffff9c
R13: 0xffffffff
R14: 0xffffffff
R15: 0x1000000c
R16: 0x00000000
R17: 0x00000000
R18: 0x00000000
R19: 0x00000000
R20: 0x00000000
R21: 0x00000000
R22: 0x00000000
R23: 0x00000000
R24: 0x00000000
R25: 0x00000000
R26: 0x00000000
R27: 0x00000000
R28: 0x00000000
R29: 0x00000000
R30: 0x00000000
R31: 0x00400034

Current pipeline PC state :
-------------------------------------
CYCLE 92:0x00400050|0x0040004c|0x00400048|0x00400044|0x00400040

Current register values : 
-------------------------------------
PC: 0x00400054
Registers:
R0: 0x00000000
R1: 0x00000000
R2: 0x00000000
R3: 0x00000000
R4: 0x00000000
R5: 0x00000000
R6: 0x7fffffff
R7: 0xfffffffc
R8: 0x00000000
R9: 0x00000001
R10: 0x00000001
R11: 0x00000000
R12: 0xffffff9c
R13: 0xffffffff
R14: 0xffffffff
R15: 0x1000000c
R16: 0x00000000
R17: 0x00000000
R18: 0x00000000
R19: 0x00000000
R20: 0x00000000
R21: 0x00000000
R22: 0x00000000
R23: 0x00000000
R24: 0x00000000
R25: 0x00000000
R26: 0x00000000
R27: 0x00000000
R28: 0x00000000
R29: 0x00000000
R30: 0x00000000
R31: 0x00400034

Current pipeline PC state :
-------------------------------------
CYCLE 93:0x00400054|0x00400050|0x0040004c|0x00400048|0x00400044

Current register values : 
-------------------------------------
PC: 0x00400034
Registers:
R0: 0x00000000
R1: 0x00000000
R2: 0x00000000
R3: 0x00000000
R4: 0x00000000
R5: 0xffffffff
R6: 0x7fffffff
R7: 0xfffffffc
R8: 0x00000000
R9: 0x00000001
R10: 0x00000001
R11: 0x00000000
R12: 0xffffff9c
R13: 0xffffffff
R14: 0xffffffff
R15: 0x1000000c
R16: 0x00000000
R17: 0x00000000
R18: 0x00000000
R19: 0x00000000
R20: 0x00000000
R21: 0x00000000
R22: 0x00000000
R23: 0x00000000
R24: 0x00000000
R25: 0x00000000
R26: 0x00000000
R27: 0x00000000
R28: 0x00000000
R29: 0x00000000
R30: 0x00000000
R31: 0x00400034

Current pipeline PC state :
-------------------------------------
CYCLE 94:0x00400034|          |0x00400050|0x0040004c|0x00400048

Current register values : 
-------------------------------------
PC: 0x00400038
Registers:
R0: 0x00000000
R1: 0x00000000
R2: 0x00000000
R3: 0x00000000
R4: 0x00000000
R5: 0xffffffff
R6: 0x7fffffff
R7: 0xfffffffc
R8: 0x00000000
R9: 0x00000001
R10: 0x00000001
R11: 0x00000000
R12: 0xffffff9c
R13: 0xffffffff
R14: 0xffffffff
R15: 0x1000000c
R16: 0x00000000
R17: 0x00000000
R18: 0x00000000
R19: 0x00000000
R20: 0x00000000
R21: 0x00000000
R22: 0x00000000
R23: 0x00000000
R24: 0x00000000
R25: 0x00000000
R26: 0x00000000
R27: 0x00000000
R28: 0x00000000
R29: 0x00000000
R30: 0x00000000
R31: 0x00400034

Current pipeline PC state :
-------------------------------------
CYCLE 95:0x00400038|0x00400034|          |0x00400050|0x0040004c

Current register values : 
-------------------------------------
PC: 0x0040003c
Registers:
R0: 0x00000000
R1: 0x00000000
R2: 0x00000000
R3: 0x00000000
R4: 0x00000000
R5: 0xffffffff
R6: 0x7fffffff
R7: 0xfffffffc
R8: 0x00000000
R9: 0x00000001
R10: 0x00000001
R11: 0x00000000
R12: 0xffffff9c
R13: 0xffffffff
R14: 0xffffffff
R15: 0x1000000c
R16: 0x00000000
R17: 0x00000000
R18: 0x00000000
R19: 0x00000000
R20: 0x00000000
R21: 0x00000000
R22: 0x00000000
R23: 0x00000000
R24: 0x00000000
R25: 0x00000000
R26: 0x00000000
R27: 0x00000000
R28: 0x00000000
R29: 0x00000000
R30: 0x00000000
R31: 0x00400034

Current pipeline PC state :
-------------------------------------
CYCLE 96:0x0040003c|0x00400038|0x00400034|          |0x00400050

Current register values : 
-------------------------------------
PC: 0x0040003c
Registers:
R0: 0x00000000
R1: 0x00000000
R2: 0x00000000
R3: 0x00000000
R4: 0x00000000
R5: 0xffffffff
R6: 0x7fffffff
R7: 0xfffffffc
R8: 0x00000000
R9: 0x00000001
R10: 0x00000001
R11: 0x00000000
R12: 0xffffff9c
R13: 0xffffffff
R14: 0xffffffff
R15: 0x1000000c
R16: 0x00000000
R17: 0x00000000
R18: 0x00000000
R19: 0x00000000
R20: 0x00000000
R21: 0x00000000
R22: 0x00000000
R23: 0x00000000
R24: 0x00000000
R25: 0x00000000
R26: 0x00000000
R27: 0x00000000
R28: 0x00000000
R29: 0x00000000
R30: 0x00000000
R31: 0x00400034

Current pipeline PC state :
-------------------------------------
CYCLE 97:0x0040003c|0x00400038|          |0x00400034|          

Current register values : 
-------------------------------------
PC: 0x00400040
Registers:
R0: 0x00000000
R1: 0x00000000
R2: 0x00000000
R3: 0x00000000
R4: 0x00000000
R5: 0xffffffff
R6: 0x7fffffff
R7: 0xfffffffc
R8: 0x00000000
R9: 0x00000001
R10: 0x00000001
R11: 0x00000000
R12: 0xffffff9c
R13: 0xffffffff
R14: 0xffffffff
R15: 0x1000000c
R16: 0x00000000
R17: 0x00000000
R18: 0x00000000
R19: 0x00000000
R20: 0x00000000
R21: 0x00000000
R22: 0x00000000
R23: 0x00000000
R24: 0x00000000
R25: 0x00000000
R26: 0x00000000
R27: 0x00000000
R28: 0x00000000
R29: 0x00000000
R30: 0x00000000
R31: 0x00400034

Current pipeline PC state :
-------------------------------------
CYCLE 98:0x00400040|0x0040003c|0x00400038|          |0x00400034

Current register values : 
-------------------------------------
PC: 0x00400044
Registers:
R0: 0x00000000
R1: 0x00000000
R2: 0x00000000
R3: 0x00000000
R4: 0x00000000
R5: 0xffffffff
R6: 0x7fffffff
R7: 0xfffffffc
R8: 0x00000000
R9: 0x00000001
R10: 0x00000001
R11: 0x00000000
R12: 0xffffff9c
R13: 0xffffffff
R14: 0xffffffff
R15: 0x1000000c
R16: 0x00000000
R17: 0x00000000
R18: 0x00000000
R19: 0x00000000
R20: 0x00000000
R21: 0x00000000
R22: 0x00000000
R23: 0x00000000
R24: 0x00000000
R25: 0x00000000
R26: 0x00000000
R27: 0x00000000
R28: 0x00000000
R29: 0x00000000
R30: 0x00000000
R31: 0x00400034

Current pipeline PC state :
-------------------------------------
CYCLE 99:0x00400044|0x00400040|0x0040003c|0x00400038|          

Current register values : 
-------------------------------------
PC: 0x00400048
Registers:
R0: 0x00000000
R1: 0x00000000
R2: 0x00000000
R3: 0x00000000
R4: 0x00000000
R5: 0xffffffff
R6: 0x7fffffff
R7: 0xfffffffc
R8: 0x00000000
R9: 0x00000001
R10: 0x00000001
R11: 0x00000000
R12: 0xffffff9c
R13: 0xffffffff
R14: 0xffffffff
R15: 0x1000000c
R16: 0x00000000
R17: 0x00000000
R18: 0x00000000
R19: 0x00000000
R20: 0x00000000
R21: 0x00000000
R22: 0x00000000
R23: 0x00000000
R24: 0x00000000
R25: 0x00000000
R26: 0x00000000
R27: 0x00000000
R28: 0x00000000
R29: 0x00000000
R30: 0x00000000
R31: 0x00400034

Current pipeline PC state :
-------------------------------------
CYCLE 100:0x00400048|0x00400044|0x00400040|0x0040003c|0x00400038

Current register values : 
-------------------------------------
PC: 0x0040004c
Registers:
R0: 0x00000000
R1: 0x00000000
R2: 0x00000000
R3: 0x00000000
R4: 0x00000000
R5: 0xffffffff
R6: 0x7fffffff
R7: 0xfffffffc
R8: 0x00000000
R9: 0x00000001
R10: 0x00000001
R11: 0x00000000
R12: 0xffffff9c
R13: 0xffffffff
R14: 0xffffffff
R15: 0x1000000c
R16: 0x00000000
R17: 0x00000000
R18: 0x00000000
R19: 0x00000000
R20: 0x00000000
R21: 0x00000000
R22: 0x00000000
R23: 0x00000000
R24: 0x00000000
R25: 0x00000000
R26: 0x00000000
R27: 0x00000000
R28: 0x00000000
R29: 0x00000000
R30: 0x00000000
R31: 0x00400034

Current pipeline PC state :
-------------------------------------
CYCLE 101:0x0040004c|0x00400048|0x00400044|0x00400040|0x0040003c

Current register values : 
-------------------------------------
PC: 0x00400050
Registers:
R0: 0x00000000
R1: 0x00000000
R2: 0x00000000
R3: 0x00000000
R4: 0x00000000
R5: 0xffffffff
R6: 0x7fffffff
R7: 0xfffffffc
R8: 0x00000000
R9: 0x00000001
R10: 0x00000001
R11: 0x00000000
R12: 0xffffff9c
R13: 0xffffffff
R14: 0xffffffff
R15: 0x1000000c
R16: 0x00000000
R17: 0x00000000
R18: 0x00000000
R19: 0x00000000
R20: 0x00000000
R21: 0x00000000
R22: 0x00000000
R23: 0x00000000
R24: 0x00000000
R25: 0x00000000
R26: 0x00000000
R27: 0x00000000
R28: 0x00000000
R29: 0x00000000
R30: 0x00000000
R31: 0x00400034

Current pipeline PC state :
-------------------------------------
CYCLE 102:0x00400050|0x0040004c|0x00400048|0x00400044|0x00400040

Current register values : 
-------------------------------------
PC: 0x00400054
Registers:
R0: 0x00000000
R1: 0x00000000
R2: 0x00000000
R3: 0x00000000
R4: 0x00000000
R5: 0x00000000
R6: 0x7fffffff
R7: 0xfffffffc
R8: 0x00000000
R9: 0x00000001
R10: 0x00000001
R11: 0x00000000
R12: 0xffffff9c
R13: 0xffffffff
R14: 0xffffffff
R15: 0x1000000c
R16: 0x00000000
R17: 0x00000000
R18: 0x00000000
R19: 0x00000000
R20: 0x00000000
R21: 0x00000000
R22: 0x00000000
R23: 0x00000000
R24: 0x00000000
R25: 0x00000000
R26: 0x00000000
R27: 0x00000000
R28: 0x00000000
R29: 0x00000000
R30: 0x00000000
R31: 0x00400034

Current pipeline PC state :
-------------------------------------
CYCLE 103:0x00400054|0x00400050|0x0040004c|0x00400048|0x00400044

Current register values : 
-------------------------------------
PC: 0x00400034
Registers:
R0: 0x00000000
R1: 0x00000000
R2: 0x00000000
R3: 0x00000000
R4: 0x00000000
R5: 0xffffffff
R6: 0x7fffffff
R7: 0xfffffffc
R8: 0x00000000
R9: 0x00000001
R10: 0x00000001
R11: 0x00000000
R12: 0xffffff9c
R13: 0xffffffff
R14: 0xffffffff
R15: 0x1000000c
R16: 0x00000000
R17: 0x00000000
R18: 0x00000000
R19: 0x00000000
R20: 0x00000000
R21: 0x00000000
R22: 0x00000000
R23: 0x00000000
R24: 0x00000000
R25: 0x00000000
R26: 0x00000000
R27: 0x00000000
R28: 0x00000000
R29: 0x00000000
R30: 0x00000000
R31: 0x00400034

Current pipeline PC state :
-------------------------------------
CYCLE 104:0x00400034|          |0x00400050|0x0040004c|0x00400048

Current register values : 
-------------------------------------
PC: 0x00400038
Registers:
R0: 0x00000000
R1: 0x00000000
R2: 0x00000000
R3: 0x00000000
R4: 0x00000000
R5: 0xffffffff
R6: 0x7fffffff
R7: 0xfffffffc
R8: 0x00000000
R9: 0x00000001
R10: 0x00000001
R11: 0x00000000
R12: 0xffffff9c
R13: 0xffffffff
R14: 0xffffffff
R15: 0x1000000c
R16: 0x00000000
R17: 0x00000000
R18: 0x00000000
R19: 0x00000000
R20: 0x00000000
R21: 0x00000000
R22: 0x00000000
R23: 0x00000000
R24: 0x00000000
R25: 0x00000000
R26: 0x00000000
R27: 0x00000000
R28: 0x00000000
R29: 0x00000000
R30: 0x00000000
R31: 0x00400034

Current pipeline PC state :
-------------------------------------
CYCLE 105:0x00400038|0x00400034|          |0x00400050|0x0040004c

Current register values : 
-------------------------------------
PC: 0x0040003c
Registers:
R0: 0x00000000
R1: 0x00000000
R2: 0x00000000
R3: 0x00000000
R4: 0x00000000
R5: 0xffffffff
R6: 0x7fffffff
R7: 0xfffffffc
R8: 0x00000000
R9: 0x00000001
R10: 0x00000001
R11: 0x00000000
R12: 0xffffff9c
R13: 0xffffffff
R14: 0xffffffff
R15: 0x1000000c
R16: 0x00000000
R17: 0x00000000
R18: 0x00000000
R19: 0x00000000
R20: 0x00000000
R21: 0x00000000
R22: 0x00000000
R23: 0x00000000
R24: 0x00000000
R25: 0x00000000
R26: 0x00000000
R27: 0x00000000
R28: 0x00000000
R29: 0x00000000
R30: 0x00000000
R31: 0x00400034

Current pipeline PC state :
-------------------------------------
CYCLE 106:0x0040003c|0x00400038|0x00400034|          |0x00400050

Current register values : 
-------------------------------------
PC: 0x0040003c
Registers:
R0: 0x00000000
R1: 0x00000000
R2: 0x00000000
R3: 0x00000000
R4: 0x00000000
R5: 0xffffffff
R6: 0x7fffffff
R7: 0xfffffffc
R8: 0x00000000
R9: 0x00000001
R10: 0x00000001
R11: 0x00000000
R12: 0xffffff9c
R13: 0xffffffff
R14: 0xffffffff
R15: 0x1000000c
R16: 0x00000000
R17: 0x00000000
R18: 0x00000000
R19: 0x00000000
R20: 0x00000000
R21: 0x00000000
R22: 0x00000000
R23: 0x00000000
R24: 0x00000000
R25: 0x00000000
R26: 0x00000000
R27: 0x00000000
R28: 0x00000000
R29: 0x00000000
R30: 0x00000000
R31: 0x00400034

Current pipeline PC state :
-------------------------------------
CYCLE 107:0x0040003c|0x00400038|          |0x00400034|          

Current register values : 
-------------------------------------
PC: 0x00400040
Registers:
R0: 0x00000000
R1: 0x00000000
R2: 0x00000000
R3: 0x00000000
R4: 0x00000000
R5: 0xffffffff
R6: 0x7fffffff
R7: 0xfffffffc
R8: 0x00000000
R9: 0x00000001
R10: 0x00000001
R11: 0x00000000
R12: 0xffffff9c
R13: 0xffffffff
R14: 0xffffffff
R15: 0x1000000c
R16: 0x00000000
R17: 0x00000000
R18: 0x00000000
R19: 0x00000000
R20: 0x00000000
R21: 0x00000000
R22: 0x00000000
R23: 0x00000000
R24: 0x00000000
R25: 0x00000000
R26: 0x00000000
R27: 0x00000000
R28: 0x00000000
R29: 0x00000000
R30: 0x00000000
R31: 0x00400034

Current pipeline PC state :
-------------------------------------
CYCLE 108:0x00400040|0x0040003c|0x00400038|          |0x00400034

Current register values : 
-------------------------------------
PC: 0x00400044
Registers:
R0: 0x00000000
R1: 0x00000000
R2: 0x00000000
R3: 0x00000000
R4: 0x00000000
R5: 0xffffffff
R6: 0x7fffffff
R7: 0xfffffffc
R8: 0x00000000
R9: 0x00000001
R10: 0x00000001
R11: 0x00000000
R12: 0xffffff9c
R13: 0xffffffff
R14: 0xffffffff
R15: 0x1000000c
R16: 0x00000000
R17: 0x00000000
R18: 0x00000000
R19: 0x00000000
R20: 0x00000000
R21: 0x00000000
R22: 0x00000000
R23: 0x00000000
R24: 0x00000000
R25: 0x00000000
R26: 0x00000000
R27: 0x00000000
R28: 0x00000000
R29: 0x00000000
R30: 0x00000000
R31: 0x00400034

Current pipeline PC state :
-------------------------------------
CYCLE 109:0x00400044|0x00400040|0x0040003c|0x00400038|          

Current register values : 
-------------------------------------
PC: 0x00400048
Registers:
R0: 0x00000000
R1: 0x00000000
R2: 0x00000000
R3: 0x00000000
R4: 0x00000000
R5: 0xffffffff
R6: 0x7fffffff
R7: 0xfffffffc
R8: 0x00000000
R9: 0x00000001
R10: 0x00000001
R11: 0x00000000
R12: 0xffffff9c
R13: 0xffffffff
R14: 0xffffffff
R15: 0x1000000c
R16: 0x00000000
R17: 0x00000000
R18: 0x00000000
R19: 0x00000000
R20: 0x00000000
R21: 0x00000000
R22: 0x00000000
R23: 0x00000000
R24: 0x00000000
R25: 0x00000000
R26: 0x00000000
R27: 0x00000000
R28: 0x00000000
R29: 0x00000000
R30: 0x00000000
R31: 0x00400034

Current pipeline PC state :
-------------------------------------
CYCLE 110:0x00400048|0x00400044|0x00400040|0x0040003c|0x00400038

Current register values : 
-------------------------------------
PC: 0x0040004c
Registers:
R0: 0x00000000
R1: 0x00000000
R2: 0x00000000
R3: 0x00000000
R4: 0x00000000
R5: 0xffffffff
R6: 0x7fffffff
R7: 0xfffffffc
R8: 0x00000000
R9: 0x00000001
R10: 0x00000001
R11: 0x00000000
R12: 0xffffff9c
R13: 0xffffffff
R14: 0xffffffff
R15: 0x1000000c
R16: 0x00000000
R17: 0x00000000
R18: 0x00000000
R19: 0x00000000
R20: 0x00000000
R21: 0x00000000
R22: 0x00000000
R23: 0x00000000
R24: 0x00000000
R25: 0x00000000
R26: 0x00000000
R27: 0x00000000
R28: 0x00000000
R29: 0x00000000
R30: 0x00000000
R31: 0x00400034

Current pipeline PC state :
-------------------------------------
CYCLE 111:0x0040004c|0x00400048|0x00400044|0x00400040|0x0040003c

Current register values : 
-------------------------------------
PC: 0x00400050
Registers:
R0: 0x00000000
R1: 0x00000000
R2: 0x00000000
R3: 0x00000000
R4: 0x00000000
R5: 0xffffffff
R6: 0x7fffffff
R7: 0xfffffffc
R8: 0x00000000
R9: 0x00000001
R10: 0x00000001
R11: 0x00000000
R12: 0xffffff9c
R13: 0xffffffff
R14: 0xffffffff
R15: 0x1000000c
R16: 0x00000000
R17: 0x00000000
R18: 0x00000000
R19: 0x00000000
R20: 0x00000000
R21: 0x00000000
R22: 0x00000000
R23: 0x00000000
R24: 0x00000000
R25: 0x00000000
R26: 0x00000000
R27: 0x00000000
R28: 0x00000000
R29: 0x00000000
R30: 0x00000000
R31: 0x00400034

Current pipeline PC state :
-------------------------------------
CYCLE 112:0x00400050|0x0040004c|0x00400048|0x00400044|0x00400040

Current register values : 
-------------------------------------
PC: 0x00400054
Registers:
R0: 0x00000000
R1: 0x00000000
R2: 0x00000000
R3: 0x00000000
R4: 0x00000000
R5: 0x00000000
R6: 0x7fffffff
R7: 0xfffffffc
R8: 0x00000000
R9: 0x00000001
R10: 0x00000001
R11: 0x00000000
R12: 0xffffff9c
R13: 0xffffffff
R14: 0xffffffff
R15: 0x1000000c
R16: 0x00000000
R17: 0x00000000
R18: 0x00000000
R19: 0x00000000
R20: 0x00000000
R21: 0x00000000
R22: 0x00000000
R23: 0x00000000
R24: 0x00000000
R25: 0x00000000
R26: 0x00000000
R27: 0x00000000
R28: 0x00000000
R29: 0x00000000
R30: 0x00000000
R31: 0x00400034

Current pipeline PC state :
-------------------------------------
CYCLE 113:0x00400054|0x00400050|0x0040004c|0x00400048|0x00400044

Current register values : 
-------------------------------------
PC: 0x00400034
Registers:
R0: 0x00000000
R1: 0x00000000
R2: 0x00000000
R3: 0x00000000
R4: 0x00000000
R5: 0xffffffff
R6: 0x7fffffff
R7: 0xfffffffc
R8: 0x00000000
R9: 0x00000001
R10: 0x00000001
R11: 0x00000000
R12: 0xffffff9c
R13: 0xffffffff
R14: 0xffffffff
R15: 0x1000000c
R16: 0x00000000
R17: 0x00000000
R18: 0x00000000
R19: 0x00000000
R20: 0x00000000
R21: 0x00000000
R22: 0x00000000
R23: 0x00000000
R24: 0x00000000
R25: 0x00000000
R26: 0x00000000
R27: 0x00000000
R28: 0x00000000
R29: 0x00000000
R30: 0x00000000
R31: 0x00400034

Current pipeline PC state :
-------------------------------------
CYCLE 114:0x00400034|          |0x00400050|0x0040004c|0x00400048

Current register values : 
-------------------------------------
PC: 0x00400038
Registers:
R0: 0x00000000
R1: 0x00000000
R2: 0x00000000
R3: 0x00000000
R4: 0x00000000
R5: 0xffffffff
R6: 0x7fffffff
R7: 0xfffffffc
R8: 0x00000000
R9: 0x00000001
R10: 0x00000001
R11: 0x00000000
R12: 0xffffff9c
R13: 0xffffffff
R14: 0xffffffff
R15: 0x1000000c
R16: 0x00000000
R17: 0x00000000
R18: 0x00000000
R19: 0x00000000
R20: 0x00000000
R21: 0x00000000
R22: 0x00000000
R23: 0x00000000
R24: 0x00000000
R25: 0x00000000
R26: 0x00000000
R27: 0x00000000
R28: 0x00000000
R29: 0x00000000
R30: 0x00000000
R31: 0x00400034

Current pipeline PC state :
-------------------------------------
CYCLE 115:0x00400038|0x00400034|          |0x00400050|0x0040004c

Current register values : 
-------------------------------------
PC: 0x0040003c
Registers:
R0: 0x00000000
R1: 0x00000000
R2: 0x00000000
R3: 0x00000000
R4: 0x00000000
R5: 0xffffffff
R6: 0x7fffffff
R7: 0xfffffffc
R8: 0x00000000
R9: 0x00000001
R10: 0x00000001
R11: 0x00000000
R12: 0xffffff9c
R13: 0xffffffff
R14: 0xffffffff
R15: 0x1000000c
R16: 0x00000000
R17: 0x00000000
R18: 0x00000000
R19: 0x00000000
R20: 0x00000000
R21: 0x00000000
R22: 0x00000000
R23: 0x00000000
R24: 0x00000000
R25: 0x00000000
R26: 0x00000000
R27: 0x00000000
R28: 0x00000000
R29: 0x00000000
R30: 0x00000000
R31: 0x00400034

Current pipeline PC state :
-------------------------------------
CYCLE 116:0x0040003c|0x00400038|0x00400034|          |0x00400050

Current register values : 
-------------------------------------
PC: 0x0040003c
Registers:
R0: 0x00000000
R1: 0x00000000
R2: 0x00000000
R3: 0x00000000
R4: 0x00000000
R5: 0xffffffff
R6: 0x7fffffff
R7: 0xfffffffc
R8: 0x00000000
R9: 0x00000001
R10: 0x00000001
R11: 0x00000000
R12: 0xffffff9c
R13: 0xffffffff
R14: 0xffffffff
R15: 0x1000000c
R16: 0x00000000
R17: 0x00000000
R18: 0x00000000
R19: 0x00000000
R20: 0x00000000
R21: 0x00000000
R22: 0x00000000
R23: 0x00000000
R24: 0x00000000
R25: 0x00000000
R26: 0x00000000
R27: 0x00000000
R28: 0x00000000
R29: 0x00000000
R30: 0x00000000
R31: 0x00400034

Current pipeline PC state :
-------------------------------------
CYCLE 117:0x0040003c|0x00400038|          |0x00400034|          

Current register values : 
-------------------------------------
PC: 0x00400040
Registers:
R0: 0x00000000
R1: 0x00000000
R2: 0x00000000
R3: 0x00000000
R4: 0x00000000
R5: 0xffffffff
R6: 0x7fffffff
R7: 0xfffffffc
R8: 0x00000000
R9: 0x00000001
R10: 0x00000001
R11: 0x00000000
R12: 0xffffff9c
R13: 0xffffffff
R14: 0xffffffff
R15: 0x1000000c
R16: 0x00000000
R17: 0x00000000
R18: 0x00000000
R19: 0x00000000
R20: 0x00000000
R21: 0x00000000
R22: 0x00000000
R23: 0x00000000
R24: 0x00000000
R25: 0x00000000
R26: 0x00000000
R27: 0x00000000
R28: 0x00000000
R29: 0x00000000
R30: 0x00000000
R31: 0x00400034

Current pipeline PC state :
-------------------------------------
CYCLE 118:0x00400040|0x0040003c|0x00400038|          |0x00400034

Current register values : 
-------------------------------------
PC: 0x00400044
Registers:
R0: 0x00000000
R1: 0x00000000
R2: 0x00000000
R3: 0x00000000
R4: 0x00000000
R5: 0xffffffff
R6: 0x7fffffff
R7: 0xfffffffc
R8: 0x00000000
R9: 0x00000001
R10: 0x00000001
R11: 0x00000000
R12: 0xffffff9c
R13: 0xffffffff
R14: 0xffffffff
R15: 0x1000000c
R16: 0x00000000
R17: 0x00000000
R18: 0x00000000
R19: 0x00000000
R20: 0x00000000
R21: 0x00000000
R22: 0x00000000
R23: 0x00000000
R24: 0x00000000
R25: 0x00000000
R26: 0x00000000
R27: 0x00000000
R28: 0x00000000
R29: 0x00000000
R30: 0x00000000
R31: 0x00400034

Current pipeline PC state :
-------------------------------------
CYCLE 119:0x00400044|0x00400040|0x0040003c|0x00400038|          

Current register values : 
-------------------------------------
PC: 0x00400048
Registers:
R0: 0x00000000
R1: 0x00000000
R2: 0x00000000
R3: 0x00000000
R4: 0x00000000
R5: 0xffffffff
R6: 0x7fffffff
R7: 0xfffffffc
R8: 0x00000000
R9: 0x00000001
R10: 0x00000001
R11: 0x00000000
R12: 0xffffff9c
R13: 0xffffffff
R14: 0xffffffff
R15: 0x1000000c
R16: 0x00000000
R17: 0x00000000
R18: 0x00000000
R19: 0x00000000
R20: 0x00000000
R21: 0x00000000
R22: 0x00000000
R23: 0x00000000
R24: 0x00000000
R25: 0x00000000
R26: 0x00000000
R27: 0x00000000
R28: 0x00000000
R29: 0x00000000
R30: 0x00000000
R31: 0x00400034

Current pipeline PC state :
-------------------------------------
CYCLE 120:0x00400048|0x00400044|0x00400040|0x0040003c|0x00400038

Current register values : 
-------------------------------------
PC: 0x0040004c
Registers:
R0: 0x00000000
R1: 0x00000000
R2: 0x00000000
R3: 0x00000000
R4: 0x00000000
R5: 0xffffffff
R6: 0x7fffffff
R7: 0xfffffffc
R8: 0x00000000
R9: 0x00000001
R10: 0x00000001
R11: 0x00000000
R12: 0xffffff9c
R13: 0xffffffff
R14: 0xffffffff
R15: 0x1000000c
R16: 0x00000000
R17: 0x00000000
R18: 0x00000000
R19: 0x00000000
R20: 0x00000000
R21: 0x00000000
R22: 0x00000000
R23: 0x00000000
R24: 0x00000000
R25: 0x00000000
R26: 0x00000000
R27: 0x00000000
R28: 0x00000000
R29: 0x00000000
R30: 0x00000000
R31: 0x00400034

Current pipeline PC state :
-------------------------------------
CYCLE 121:0x0040004c|0x00400048|0x00400044|0x00400040|0x0040003c

Current register values : 
-------------------------------------
PC: 0x00400050
Registers:
R0: 0x00000000
R1: 0x00000000
R2: 0x00000000
R3: 0x00000000
R4: 0x00000000
R5: 0xffffffff
R6: 0x7fffffff
R7: 0xfffffffc
R8: 0x00000000
R9: 0x00000001
R10: 0x00000001
R11: 0x00000000
R12: 0xffffff9c
R13: 0xffffffff
R14: 0xffffffff
R15: 0x1000000c
R16: 0x00000000
R17: 0x00000000
R18: 0x00000000
R19: 0x00000000
R20: 0x00000000
R21: 0x00000000
R22: 0x00000000
R23: 0x00000000
R24: 0x00000000
R25: 0x00000000
R26: 0x00000000
R27: 0x00000000
R28: 0x00000000
R29: 0x00000000
R30: 0x00000000
R31: 0x00400034

Current pipeline PC state :
-------------------------------------
CYCLE 122:0x00400050|0x0040004c|0x00400048|0x00400044|0x00400040

Current register values : 
-------------------------------------
PC: 0x00400054
Registers:
R0: 0x00000000
R1: 0x00000000
R2: 0x00000000
R3: 0x00000000
R4: 0x00000000
R5: 0x00000000
R6: 0x7fffffff
R7: 0xfffffffc
R8: 0x00000000
R9: 0x00000001
R10: 0x00000001
R11: 0x00000000
R12: 0xffffff9c
R13: 0xffffffff
R14: 0xffffffff
R15: 0x1000000c
R16: 0x00000000
R17: 0x00000000
R18: 0x00000000
R19: 0x00000000
R20: 0x00000000
R21: 0x00000000
R22: 0x00000000
R23: 0x00000000
R24: 0x00000000
R25: 0x00000000
R26: 0x00000000
R27: 0x00000000
R28: 0x00000000
R29: 0x00000000
R30: 0x00000000
R31: 0x00400034

Current pipeline PC state :
-------------------------------------
CYCLE 123:0x00400054|0x00400050|0x0040004c|0x00400048|0x00400044

Current register values : 
-------------------------------------
PC: 0x00400034
Registers:
R0: 0x00000000
R1: 0x00000000
R2: 0x00000000
R3: 0x00000000
R4: 0x00000000
R5: 0xffffffff
R6: 0x7fffffff
R7: 0xfffffffc
R8: 0x00000000
R9: 0x00000001
R10: 0x00000001
R11: 0x00000000
R12: 0xffffff9c
R13: 0xffffffff
R14: 0xffffffff
R15: 0x1000000c
R16: 0x00000000
R17: 0x00000000
R18: 0x00000000
R19: 0x00000000
R20: 0x00000000
R21: 0x00000000
R22: 0x00000000
R23: 0x00000000
R24: 0x00000000
R25: 0x00000000
R26: 0x00000000
R27: 0x00000000
R28: 0x00000000
R29: 0x00000000
R30: 0x00000000
R31: 0x00400034

Current pipeline PC state :
-------------------------------------
CYCLE 124:0x00400034|          |0x00400050|0x0040004c|0x00400048

Current register values : 
-------------------------------------
PC: 0x00400038
Registers:
R0: 0x00000000
R1: 0x00000000
R2: 0x00000000
R3: 0x00000000
R4: 0x00000000
R5: 0xffffffff
R6: 0x7fffffff
R7: 0xfffffffc
R8: 0x00000000
R9: 0x00000001
R10: 0x00000001
R11: 0x00000000
R12: 0xffffff9c
R13: 0xffffffff
R14: 0xffffffff
R15: 0x1000000c
R16: 0x00000000
R17: 0x00000000
R18: 0x00000000
R19: 0x00000000
R20: 0x00000000
R21: 0x00000000
R22: 0x00000000
R23: 0x00000000
R24: 0x00000000
R25: 0x00000000
R26: 0x00000000
R27: 0x00000000
R28: 0x00000000
R29: 0x00000000
R30: 0x00000000
R31: 0x00400034

Current pipeline PC state :
-------------------------------------
CYCLE 125:0x00400038|0x00400034|          |0x00400050|0x0040004c

Current register values : 
-------------------------------------
PC: 0x0040003c
Registers:
R0: 0x00000000
R1: 0x00000000
R2: 0x00000000
R3: 0x00000000
R4: 0x00000000
R5: 0xffffffff
R6: 0x7fffffff
R7: 0xfffffffc
R8: 0x00000000
R9: 0x00000001
R10: 0x00000001
R11: 0x00000000
R12: 0xffffff9c
R13: 0xffffffff
R14: 0xffffffff
R15: 0x1000000c
R16: 0x00000000
R17: 0x00000000
R18: 0x00000000
R19: 0x00000000
R20: 0x00000000
R21: 0x00000000
R22: 0x00000000
R23: 0x00000000
R24: 0x00000000
R25: 0x00000000
R26: 0x00000000
R27: 0x00000000
R28: 0x00000000
R29: 0x00000000
R30: 0x00000000
R31: 0x00400034

Current pipeline PC state :
-------------------------------------
CYCLE 126:0x0040003c|0x00400038|0x00400034|          |0x00400050

Current register values : 
-------------------------------------
PC: 0x0040003c
Registers:
R0: 0x00000000
R1: 0x00000000
R2: 0x00000000
R3: 0x00000000
R4: 0x00000000
R5: 0xffffffff
R6: 0x7fffffff
R7: 0xfffffffc
R8: 0x00000000
R9: 0x00000001
R10: 0x00000001
R11: 0x00000000
R12: 0xffffff9c
R13: 0xffffffff
R14: 0xffffffff
R15: 0x1000000c
R16: 0x00000000
R17: 0x00000000
R18: 0x00000000
R19: 0x00000000
R20: 0x00000000
R21: 0x00000000
R22: 0x00000000
R23: 0x00000000
R24: 0x00000000
R25: 0x00000000
R26: 0x00000000
R27: 0x00000000
R28: 0x00000000
R29: 0x00000000
R30: 0x00000000
R31: 0x00400034

Simulator halted after 126 cycles

